Removed Pin From Net: NetName=DC_MTRA2 Pin=DCM1-1
Removed Pin From Net: NetName=DC_MTRA1 Pin=DCM1-2
Removed Pin From Net: NetName=DC_MTRB2 Pin=DCM2-1
Removed Pin From Net: NetName=DC_MTRB1 Pin=DCM2-2
Removed Pin From Net: NetName=NetC9_2 Pin=JMP1-1
Removed Pin From Net: NetName=E5V Pin=JMP1-2
Removed Pin From Net: NetName=NetC17_2 Pin=JMP2-1
Removed Pin From Net: NetName=3V3 Pin=JMP2-2
Removed Member From Class: ClassName=Power Supply Member=JMP1
Removed Member From Class: ClassName=Power Supply Member=JMP2
Change Component Footprint: Designator=DCM1 Old Footprint=SMTC-MTLW-102-05-X-S-172 New Footprint=HDR1X2
Change Component Footprint: Designator=DCM2 Old Footprint=SMTC-MTLW-102-05-X-S-172 New Footprint=HDR1X2
Change Component Footprint: Designator=P11 Old Footprint=TECO-5-146280-2_V New Footprint=HDR1X2
Change Component Footprint: Designator=P12 Old Footprint=TECO-5-146280-2_V New Footprint=HDR1X2
Change Component Comment : Designator=P11 Old Comment=5-146280-2 New Comment=Header 2
Change Component Comment : Designator=P12 Old Comment=5-146280-2 New Comment=Header 2
Change Component Comment : Designator=DCM1 Old Comment=MTLW-102-05-T-S-172 New Comment=Header 2
Change Component Comment : Designator=DCM2 Old Comment=MTLW-102-05-T-S-172 New Comment=Header 2
Change component parameters: Designator = "DCM1"; Footprint = "HDR1X2"; UniqueID = "\OCTWFSYM\RJSYTGUY"
Change component parameters. Clean all parameters for all variants
Change component parameters (AddParameter): Name = "LatestRevisionDate"; Value = "17-Jul-2002"; VariantName = "[No Variations]"
Change component parameters (AddParameter): Name = "LatestRevisionNote"; Value = "Re-released for DXP Platform."; VariantName = "[No Variations]"
Change component parameters (AddParameter): Name = "Publisher"; Value = "Altium Limited"; VariantName = "[No Variations]"
Change component parameters: Designator = "DCM2"; Footprint = "HDR1X2"; UniqueID = "\OCTWFSYM\ASVVDMTG"
Change component parameters. Clean all parameters for all variants
Change component parameters (AddParameter): Name = "LatestRevisionDate"; Value = "17-Jul-2002"; VariantName = "[No Variations]"
Change component parameters (AddParameter): Name = "LatestRevisionNote"; Value = "Re-released for DXP Platform."; VariantName = "[No Variations]"
Change component parameters (AddParameter): Name = "Publisher"; Value = "Altium Limited"; VariantName = "[No Variations]"
Change component parameters: Designator = "P11"; Footprint = "HDR1X2"; UniqueID = "\YVPOGWIZ\SRLOUVYV"
Change component parameters. Clean all parameters for all variants
Change component parameters (AddParameter): Name = "LatestRevisionDate"; Value = "17-Jul-2002"; VariantName = "[No Variations]"
Change component parameters (AddParameter): Name = "LatestRevisionNote"; Value = "Re-released for DXP Platform."; VariantName = "[No Variations]"
Change component parameters (AddParameter): Name = "Publisher"; Value = "Altium Limited"; VariantName = "[No Variations]"
Change component parameters: Designator = "P12"; Footprint = "HDR1X2"; UniqueID = "\YVPOGWIZ\DPPQMAZR"
Change component parameters. Clean all parameters for all variants
Change component parameters (AddParameter): Name = "LatestRevisionDate"; Value = "17-Jul-2002"; VariantName = "[No Variations]"
Change component parameters (AddParameter): Name = "LatestRevisionNote"; Value = "Re-released for DXP Platform."; VariantName = "[No Variations]"
Change component parameters (AddParameter): Name = "Publisher"; Value = "Altium Limited"; VariantName = "[No Variations]"
Added Component: Designator=C66(CAPC1608X92X38LL15T08)
Add component. Clean all parameters for all variants
Add component (AddParameter): Name = "Manufacturer"; Value = "Vitramon"; VariantName = "[No Variations]"
Add component (AddParameter): Name = "Part Number"; Value = "VJ0603Y104KNXAO"; VariantName = "[No Variations]"
Added Component: Designator=JMP3V3(HDR1X2)
Add component. Clean all parameters for all variants
Add component (AddParameter): Name = "LatestRevisionDate"; Value = "17-Jul-2002"; VariantName = "[No Variations]"
Add component (AddParameter): Name = "LatestRevisionNote"; Value = "Re-released for DXP Platform."; VariantName = "[No Variations]"
Add component (AddParameter): Name = "Publisher"; Value = "Altium Limited"; VariantName = "[No Variations]"
Added Component: Designator=JMP5V(HDR1X2)
Add component. Clean all parameters for all variants
Add component (AddParameter): Name = "LatestRevisionDate"; Value = "17-Jul-2002"; VariantName = "[No Variations]"
Add component (AddParameter): Name = "LatestRevisionNote"; Value = "Re-released for DXP Platform."; VariantName = "[No Variations]"
Add component (AddParameter): Name = "Publisher"; Value = "Altium Limited"; VariantName = "[No Variations]"
Added Component: Designator=P17(HDR1X6)
Add component. Clean all parameters for all variants
Add component (AddParameter): Name = "LatestRevisionDate"; Value = "17-Jul-2002"; VariantName = "[No Variations]"
Add component (AddParameter): Name = "LatestRevisionNote"; Value = "Re-released for DXP Platform."; VariantName = "[No Variations]"
Add component (AddParameter): Name = "Publisher"; Value = "Altium Limited"; VariantName = "[No Variations]"
Added Component: Designator=P18(HDR1X2)
Add component. Clean all parameters for all variants
Add component (AddParameter): Name = "LatestRevisionDate"; Value = "17-Jul-2002"; VariantName = "[No Variations]"
Add component (AddParameter): Name = "LatestRevisionNote"; Value = "Re-released for DXP Platform."; VariantName = "[No Variations]"
Add component (AddParameter): Name = "Publisher"; Value = "Altium Limited"; VariantName = "[No Variations]"
Added Component: Designator=R50(RESC1608X55X30LL15T15)
Add component. Clean all parameters for all variants
Add component (AddParameter): Name = "Manufacturer"; Value = "Panasonic"; VariantName = "[No Variations]"
Add component (AddParameter): Name = "Part Number"; Value = "ERJ-3EKF1002V"; VariantName = "[No Variations]"
Added Pin To Net: NetName=E5V Pin=C66-1
Added Pin To Net: NetName=AGND Pin=C66-2
Added Pin To Net: NetName=DC_MTRA1 Pin=DCM1-1
Added Pin To Net: NetName=DC_MTRA2 Pin=DCM1-2
Added Pin To Net: NetName=DC_MTRB1 Pin=DCM2-1
Added Pin To Net: NetName=DC_MTRB2 Pin=DCM2-2
Added Pin To Net: NetName=3V3 Pin=JMP3V3-1
Added Pin To Net: NetName=NetC17_2 Pin=JMP3V3-2
Added Pin To Net: NetName=E5V Pin=JMP5V-1
Added Pin To Net: NetName=NetC9_2 Pin=JMP5V-2
Added Pin To Net: NetName=PA3 Pin=P17-2
Added Pin To Net: NetName=PA2 Pin=P17-3
Added Pin To Net: NetName=AGND Pin=P17-4
Added Pin To Net: NetName=E5V Pin=P17-5
Added Pin To Net: NetName=E5V Pin=P18-1
Added Pin To Net: NetName=AGND Pin=R50-1
Added Pin To Net: NetName=NetP17_6 Pin=P17-6
Added Pin To Net: NetName=NetP17_6 Pin=P18-2
Added Pin To Net: NetName=NetP17_6 Pin=R50-2
Added Net: Name=NetP17_6
Added Class: Name=Bluetooth
Added Member To Class: ClassName=Power Supply Member=Component JMP3V3 Header 2
Added Member To Class: ClassName=Power Supply Member=Component JMP5V Header 2
Added Room: Name=Bluetooth
