Added Component: Designator=CN7_BOT(61302021121)
Add component. Clean all parameters for all variants
Add component (AddParameter): Name = "ComponentLink1Description"; Value = "Manufacturer"; VariantName = "[No Variations]"
Add component (AddParameter): Name = "ComponentLink1URL"; Value = "http://www.we-online.de"; VariantName = "[No Variations]"
Add component (AddParameter): Name = "ComponentLink2Description"; Value = "Datasheet"; VariantName = "[No Variations]"
Add component (AddParameter): Name = "ComponentLink2URL"; Value = "https://katalog.we-online.de/em/datasheet/6130xx21121.pdf"; VariantName = "[No Variations]"
Add component (AddParameter): Name = "Contact Resistance"; Value = "20 mOhm"; VariantName = "[No Variations]"
Add component (AddParameter): Name = "Gender"; Value = "Male"; VariantName = "[No Variations]"
Add component (AddParameter): Name = "Mounting Technology"; Value = "THT"; VariantName = "[No Variations]"
Add component (AddParameter): Name = "Operating Temperature"; Value = "-40 to 105 degC"; VariantName = "[No Variations]"
Add component (AddParameter): Name = "Orientation"; Value = "Vertical"; VariantName = "[No Variations]"
Add component (AddParameter): Name = "Packaging"; Value = "Bag"; VariantName = "[No Variations]"
Add component (AddParameter): Name = "Part Number"; Value = "61302021121"; VariantName = "[No Variations]"
Add component (AddParameter): Name = "Pin Number"; Value = "20"; VariantName = "[No Variations]"
Add component (AddParameter): Name = "Pitch"; Value = "2.54 mm"; VariantName = "[No Variations]"
Add component (AddParameter): Name = "Published Date"; Value = "August 2018"; VariantName = "[No Variations]"
Add component (AddParameter): Name = "Publisher"; Value = "Wurth Elektronik"; VariantName = "[No Variations]"
Add component (AddParameter): Name = "Rated Current"; Value = "3 A"; VariantName = "[No Variations]"
Add component (AddParameter): Name = "Row Number"; Value = "Dual"; VariantName = "[No Variations]"
Add component (AddParameter): Name = "Withstanding Voltage"; Value = "500 VAC"; VariantName = "[No Variations]"
Add component (AddParameter): Name = "Working Voltage"; Value = "250 VAC"; VariantName = "[No Variations]"
Added Component: Designator=CN7_TOP(61301821121)
Add component. Clean all parameters for all variants
Add component (AddParameter): Name = "ComponentLink1Description"; Value = "Manufacturer"; VariantName = "[No Variations]"
Add component (AddParameter): Name = "ComponentLink1URL"; Value = "http://www.we-online.de"; VariantName = "[No Variations]"
Add component (AddParameter): Name = "ComponentLink2Description"; Value = "Datasheet"; VariantName = "[No Variations]"
Add component (AddParameter): Name = "ComponentLink2URL"; Value = "https://katalog.we-online.de/em/datasheet/6130xx21121.pdf"; VariantName = "[No Variations]"
Add component (AddParameter): Name = "Contact Resistance"; Value = "20 mOhm"; VariantName = "[No Variations]"
Add component (AddParameter): Name = "Gender"; Value = "Male"; VariantName = "[No Variations]"
Add component (AddParameter): Name = "Mounting Technology"; Value = "THT"; VariantName = "[No Variations]"
Add component (AddParameter): Name = "Operating Temperature"; Value = "-40 to 105 degC"; VariantName = "[No Variations]"
Add component (AddParameter): Name = "Orientation"; Value = "Vertical"; VariantName = "[No Variations]"
Add component (AddParameter): Name = "Packaging"; Value = "Bag"; VariantName = "[No Variations]"
Add component (AddParameter): Name = "Part Number"; Value = "61301821121"; VariantName = "[No Variations]"
Add component (AddParameter): Name = "Pin Number"; Value = "18"; VariantName = "[No Variations]"
Add component (AddParameter): Name = "Pitch"; Value = "2.54 mm"; VariantName = "[No Variations]"
Add component (AddParameter): Name = "Published Date"; Value = "August 2018"; VariantName = "[No Variations]"
Add component (AddParameter): Name = "Publisher"; Value = "Wurth Elektronik"; VariantName = "[No Variations]"
Add component (AddParameter): Name = "Rated Current"; Value = "3 A"; VariantName = "[No Variations]"
Add component (AddParameter): Name = "Row Number"; Value = "Dual"; VariantName = "[No Variations]"
Add component (AddParameter): Name = "Withstanding Voltage"; Value = "500 VAC"; VariantName = "[No Variations]"
Add component (AddParameter): Name = "Working Voltage"; Value = "250 VAC"; VariantName = "[No Variations]"
Added Component: Designator=CN10_BOT(61302021121)
Add component. Clean all parameters for all variants
Add component (AddParameter): Name = "ComponentLink1Description"; Value = "Manufacturer"; VariantName = "[No Variations]"
Add component (AddParameter): Name = "ComponentLink1URL"; Value = "http://www.we-online.de"; VariantName = "[No Variations]"
Add component (AddParameter): Name = "ComponentLink2Description"; Value = "Datasheet"; VariantName = "[No Variations]"
Add component (AddParameter): Name = "ComponentLink2URL"; Value = "https://katalog.we-online.de/em/datasheet/6130xx21121.pdf"; VariantName = "[No Variations]"
Add component (AddParameter): Name = "Contact Resistance"; Value = "20 mOhm"; VariantName = "[No Variations]"
Add component (AddParameter): Name = "Gender"; Value = "Male"; VariantName = "[No Variations]"
Add component (AddParameter): Name = "Mounting Technology"; Value = "THT"; VariantName = "[No Variations]"
Add component (AddParameter): Name = "Operating Temperature"; Value = "-40 to 105 degC"; VariantName = "[No Variations]"
Add component (AddParameter): Name = "Orientation"; Value = "Vertical"; VariantName = "[No Variations]"
Add component (AddParameter): Name = "Packaging"; Value = "Bag"; VariantName = "[No Variations]"
Add component (AddParameter): Name = "Part Number"; Value = "61302021121"; VariantName = "[No Variations]"
Add component (AddParameter): Name = "Pin Number"; Value = "20"; VariantName = "[No Variations]"
Add component (AddParameter): Name = "Pitch"; Value = "2.54 mm"; VariantName = "[No Variations]"
Add component (AddParameter): Name = "Published Date"; Value = "August 2018"; VariantName = "[No Variations]"
Add component (AddParameter): Name = "Publisher"; Value = "Wurth Elektronik"; VariantName = "[No Variations]"
Add component (AddParameter): Name = "Rated Current"; Value = "3 A"; VariantName = "[No Variations]"
Add component (AddParameter): Name = "Row Number"; Value = "Dual"; VariantName = "[No Variations]"
Add component (AddParameter): Name = "Withstanding Voltage"; Value = "500 VAC"; VariantName = "[No Variations]"
Add component (AddParameter): Name = "Working Voltage"; Value = "250 VAC"; VariantName = "[No Variations]"
Added Component: Designator=CN10_TOP(61301821121)
Add component. Clean all parameters for all variants
Add component (AddParameter): Name = "ComponentLink1Description"; Value = "Manufacturer"; VariantName = "[No Variations]"
Add component (AddParameter): Name = "ComponentLink1URL"; Value = "http://www.we-online.de"; VariantName = "[No Variations]"
Add component (AddParameter): Name = "ComponentLink2Description"; Value = "Datasheet"; VariantName = "[No Variations]"
Add component (AddParameter): Name = "ComponentLink2URL"; Value = "https://katalog.we-online.de/em/datasheet/6130xx21121.pdf"; VariantName = "[No Variations]"
Add component (AddParameter): Name = "Contact Resistance"; Value = "20 mOhm"; VariantName = "[No Variations]"
Add component (AddParameter): Name = "Gender"; Value = "Male"; VariantName = "[No Variations]"
Add component (AddParameter): Name = "Mounting Technology"; Value = "THT"; VariantName = "[No Variations]"
Add component (AddParameter): Name = "Operating Temperature"; Value = "-40 to 105 degC"; VariantName = "[No Variations]"
Add component (AddParameter): Name = "Orientation"; Value = "Vertical"; VariantName = "[No Variations]"
Add component (AddParameter): Name = "Packaging"; Value = "Bag"; VariantName = "[No Variations]"
Add component (AddParameter): Name = "Part Number"; Value = "61301821121"; VariantName = "[No Variations]"
Add component (AddParameter): Name = "Pin Number"; Value = "18"; VariantName = "[No Variations]"
Add component (AddParameter): Name = "Pitch"; Value = "2.54 mm"; VariantName = "[No Variations]"
Add component (AddParameter): Name = "Published Date"; Value = "August 2018"; VariantName = "[No Variations]"
Add component (AddParameter): Name = "Publisher"; Value = "Wurth Elektronik"; VariantName = "[No Variations]"
Add component (AddParameter): Name = "Rated Current"; Value = "3 A"; VariantName = "[No Variations]"
Add component (AddParameter): Name = "Row Number"; Value = "Dual"; VariantName = "[No Variations]"
Add component (AddParameter): Name = "Withstanding Voltage"; Value = "500 VAC"; VariantName = "[No Variations]"
Add component (AddParameter): Name = "Working Voltage"; Value = "250 VAC"; VariantName = "[No Variations]"
Added Component: Designator=U1(PW16)
Add component. Clean all parameters for all variants
Add component (AddParameter): Name = "DeviceName"; Value = ""; VariantName = "[No Variations]"
Add component (AddParameter): Name = "DeviceSetName"; Value = "MAX3221EIPWR"; VariantName = "[No Variations]"
Add component (AddParameter): Name = "GateName_1"; Value = "A"; VariantName = "[No Variations]"
Add component (AddParameter): Name = "LibraryName"; Value = "max3221"; VariantName = "[No Variations]"
Add component (AddParameter): Name = "MANUFACTURER_PART_NUMBER"; Value = "MAX3221EIPWR"; VariantName = "[No Variations]"
Add component (AddParameter): Name = "Package"; Value = "PW16"; VariantName = "[No Variations]"
Add component (AddParameter): Name = "SymbolName_1"; Value = "MAX3221EIPWG4"; VariantName = "[No Variations]"
Add component (AddParameter): Name = "VENDOR"; Value = "Texas Instruments"; VariantName = "[No Variations]"
Added Pin To Net: NetName=NetCN7_BOT_1 Pin=CN7_BOT-1
Added Pin To Net: NetName=NetCN7_BOT_1 Pin=CN7_BOT-2
Added Pin To Net: NetName=NetCN7_BOT_1 Pin=CN7_BOT-4
Added Pin To Net: NetName=NetCN7_BOT_1 Pin=CN7_TOP-8
Added Pin To Net: NetName=NetCN7_BOT_1 Pin=CN10_BOT-2
Added Pin To Net: NetName=NetCN7_BOT_1 Pin=CN10_TOP-9
Added Net: Name=NetCN7_BOT_1
Added Pin To Net: NetName=NetCN7_BOT_3 Pin=CN7_BOT-3
Added Net: Name=NetCN7_BOT_3
Added Pin To Net: NetName=NetCN7_BOT_5 Pin=CN7_BOT-5
Added Net: Name=NetCN7_BOT_5
Added Pin To Net: NetName=NetCN7_BOT_6 Pin=CN7_BOT-6
Added Net: Name=NetCN7_BOT_6
Added Pin To Net: NetName=NetCN7_BOT_7 Pin=CN7_BOT-7
Added Net: Name=NetCN7_BOT_7
Added Pin To Net: NetName=NetCN7_BOT_8 Pin=CN7_BOT-8
Added Pin To Net: NetName=NetCN7_BOT_8 Pin=CN7_TOP-9
Added Pin To Net: NetName=NetCN7_BOT_8 Pin=CN7_TOP-10
Added Pin To Net: NetName=NetCN7_BOT_8 Pin=CN7_TOP-11
Added Pin To Net: NetName=NetCN7_BOT_8 Pin=CN10_BOT-18
Added Pin To Net: NetName=NetCN7_BOT_8 Pin=CN10_BOT-20
Added Pin To Net: NetName=NetCN7_BOT_8 Pin=CN10_TOP-10
Added Net: Name=NetCN7_BOT_8
Added Pin To Net: NetName=NetCN7_BOT_9 Pin=CN7_BOT-9
Added Net: Name=NetCN7_BOT_9
Added Pin To Net: NetName=NetCN7_BOT_10 Pin=CN7_BOT-10
Added Net: Name=NetCN7_BOT_10
Added Pin To Net: NetName=NetCN7_BOT_11 Pin=CN7_BOT-11
Added Net: Name=NetCN7_BOT_11
Added Pin To Net: NetName=NetCN7_BOT_12 Pin=CN7_BOT-12
Added Net: Name=NetCN7_BOT_12
Added Pin To Net: NetName=NetCN7_BOT_13 Pin=CN7_BOT-13
Added Net: Name=NetCN7_BOT_13
Added Pin To Net: NetName=NetCN7_BOT_14 Pin=CN7_BOT-14
Added Net: Name=NetCN7_BOT_14
Added Pin To Net: NetName=NetCN7_BOT_15 Pin=CN7_BOT-15
Added Net: Name=NetCN7_BOT_15
Added Pin To Net: NetName=NetCN7_BOT_16 Pin=CN7_BOT-16
Added Net: Name=NetCN7_BOT_16
Added Pin To Net: NetName=NetCN7_BOT_17 Pin=CN7_BOT-17
Added Net: Name=NetCN7_BOT_17
Added Pin To Net: NetName=NetCN7_BOT_18 Pin=CN7_BOT-18
Added Net: Name=NetCN7_BOT_18
Added Pin To Net: NetName=NetCN7_BOT_19 Pin=CN7_BOT-19
Added Net: Name=NetCN7_BOT_19
Added Pin To Net: NetName=NetCN7_BOT_20 Pin=CN7_BOT-20
Added Net: Name=NetCN7_BOT_20
Added Pin To Net: NetName=NetCN7_TOP_1 Pin=CN7_TOP-1
Added Net: Name=NetCN7_TOP_1
Added Pin To Net: NetName=NetCN7_TOP_2 Pin=CN7_TOP-2
Added Net: Name=NetCN7_TOP_2
Added Pin To Net: NetName=NetCN7_TOP_3 Pin=CN7_TOP-3
Added Net: Name=NetCN7_TOP_3
Added Pin To Net: NetName=NetCN7_TOP_4 Pin=CN7_TOP-4
Added Net: Name=NetCN7_TOP_4
Added Pin To Net: NetName=NetCN7_TOP_5 Pin=CN7_TOP-5
Added Net: Name=NetCN7_TOP_5
Added Pin To Net: NetName=NetCN7_TOP_6 Pin=CN7_TOP-6
Added Net: Name=NetCN7_TOP_6
Added Pin To Net: NetName=NetCN7_TOP_7 Pin=CN7_TOP-7
Added Net: Name=NetCN7_TOP_7
Added Pin To Net: NetName=NetCN7_TOP_12 Pin=CN7_TOP-12
Added Net: Name=NetCN7_TOP_12
Added Pin To Net: NetName=NetCN7_TOP_13 Pin=CN7_TOP-13
Added Net: Name=NetCN7_TOP_13
Added Pin To Net: NetName=NetCN7_TOP_14 Pin=CN7_TOP-14
Added Net: Name=NetCN7_TOP_14
Added Pin To Net: NetName=NetCN7_TOP_15 Pin=CN7_TOP-15
Added Net: Name=NetCN7_TOP_15
Added Pin To Net: NetName=NetCN7_TOP_16 Pin=CN7_TOP-16
Added Net: Name=NetCN7_TOP_16
Added Pin To Net: NetName=NetCN7_TOP_17 Pin=CN7_TOP-17
Added Net: Name=NetCN7_TOP_17
Added Pin To Net: NetName=NetCN7_TOP_18 Pin=CN7_TOP-18
Added Net: Name=NetCN7_TOP_18
Added Pin To Net: NetName=NetCN10_BOT_1 Pin=CN10_BOT-1
Added Net: Name=NetCN10_BOT_1
Added Pin To Net: NetName=NetCN10_BOT_3 Pin=CN10_BOT-3
Added Net: Name=NetCN10_BOT_3
Added Pin To Net: NetName=NetCN10_BOT_4 Pin=CN10_BOT-4
Added Net: Name=NetCN10_BOT_4
Added Pin To Net: NetName=NetCN10_BOT_5 Pin=CN10_BOT-5
Added Net: Name=NetCN10_BOT_5
Added Pin To Net: NetName=NetCN10_BOT_6 Pin=CN10_BOT-6
Added Net: Name=NetCN10_BOT_6
Added Pin To Net: NetName=NetCN10_BOT_7 Pin=CN10_BOT-7
Added Net: Name=NetCN10_BOT_7
Added Pin To Net: NetName=NetCN10_BOT_8 Pin=CN10_BOT-8
Added Net: Name=NetCN10_BOT_8
Added Pin To Net: NetName=NetCN10_BOT_9 Pin=CN10_BOT-9
Added Net: Name=NetCN10_BOT_9
Added Pin To Net: NetName=NetCN10_BOT_10 Pin=CN10_BOT-10
Added Net: Name=NetCN10_BOT_10
Added Pin To Net: NetName=NetCN10_BOT_11 Pin=CN10_BOT-11
Added Net: Name=NetCN10_BOT_11
Added Pin To Net: NetName=NetCN10_BOT_12 Pin=CN10_BOT-12
Added Net: Name=NetCN10_BOT_12
Added Pin To Net: NetName=NetCN10_BOT_13 Pin=CN10_BOT-13
Added Net: Name=NetCN10_BOT_13
Added Pin To Net: NetName=NetCN10_BOT_14 Pin=CN10_BOT-14
Added Net: Name=NetCN10_BOT_14
Added Pin To Net: NetName=NetCN10_BOT_15 Pin=CN10_BOT-15
Added Net: Name=NetCN10_BOT_15
Added Pin To Net: NetName=NetCN10_BOT_16 Pin=CN10_BOT-16
Added Net: Name=NetCN10_BOT_16
Added Pin To Net: NetName=NetCN10_BOT_17 Pin=CN10_BOT-17
Added Net: Name=NetCN10_BOT_17
Added Pin To Net: NetName=NetCN10_BOT_19 Pin=CN10_BOT-19
Added Net: Name=NetCN10_BOT_19
Added Pin To Net: NetName=NetCN10_TOP_1 Pin=CN10_TOP-1
Added Net: Name=NetCN10_TOP_1
Added Pin To Net: NetName=NetCN10_TOP_2 Pin=CN10_TOP-2
Added Net: Name=NetCN10_TOP_2
Added Pin To Net: NetName=NetCN10_TOP_3 Pin=CN10_TOP-3
Added Net: Name=NetCN10_TOP_3
Added Pin To Net: NetName=NetCN10_TOP_4 Pin=CN10_TOP-4
Added Net: Name=NetCN10_TOP_4
Added Pin To Net: NetName=NetCN10_TOP_5 Pin=CN10_TOP-5
Added Net: Name=NetCN10_TOP_5
Added Pin To Net: NetName=NetCN10_TOP_6 Pin=CN10_TOP-6
Added Net: Name=NetCN10_TOP_6
Added Pin To Net: NetName=NetCN10_TOP_7 Pin=CN10_TOP-7
Added Net: Name=NetCN10_TOP_7
Added Pin To Net: NetName=NetCN10_TOP_8 Pin=CN10_TOP-8
Added Net: Name=NetCN10_TOP_8
Added Pin To Net: NetName=NetCN10_TOP_11 Pin=CN10_TOP-11
Added Net: Name=NetCN10_TOP_11
Added Pin To Net: NetName=NetCN10_TOP_12 Pin=CN10_TOP-12
Added Net: Name=NetCN10_TOP_12
Added Pin To Net: NetName=NetCN10_TOP_13 Pin=CN10_TOP-13
Added Net: Name=NetCN10_TOP_13
Added Pin To Net: NetName=NetCN10_TOP_14 Pin=CN10_TOP-14
Added Net: Name=NetCN10_TOP_14
Added Pin To Net: NetName=NetCN10_TOP_15 Pin=CN10_TOP-15
Added Net: Name=NetCN10_TOP_15
Added Pin To Net: NetName=NetCN10_TOP_16 Pin=CN10_TOP-16
Added Net: Name=NetCN10_TOP_16
Added Pin To Net: NetName=NetCN10_TOP_17 Pin=CN10_TOP-17
Added Net: Name=NetCN10_TOP_17
Added Pin To Net: NetName=NetCN10_TOP_18 Pin=CN10_TOP-18
Added Net: Name=NetCN10_TOP_18
Added Class: Name=microcontroller
Added Class: Name=rs232
Added Room: Name=microcontroller
Added Room: Name=rs232
