Change Component Footprint: Designator=C42 Old Footprint=NIC-CAPA2-6.3X5.8_V New Footprint=SMD-CAP-0606
Change Component Footprint: Designator=C43 Old Footprint=NIC-CAPA2-6.3X5.8_V New Footprint=SMD-CAP-0606
Change Component Footprint: Designator=C54 Old Footprint=NIC-CAPA2-6.3X5.8_V New Footprint=SMD-CAP-0606
Change Component Footprint: Designator=C55 Old Footprint=NIC-CAPA2-6.3X5.8_V New Footprint=SMD-CAP-0606
Change Component Footprint: Designator=C62 Old Footprint=NIC-CAPA2-6.3X5.8_V New Footprint=SMD-CAP-0606
Change component parameters: Designator = "C42"; Footprint = "SMD-CAP-0606"; UniqueID = "\OCTWFSYM\WCKIHITR"
Change component parameters. Clean all parameters for all variants
Change component parameters (AddParameter): Name = "ComponentLink1Description"; Value = "Manufacturer URL"; VariantName = "[No Variations]"
Change component parameters (AddParameter): Name = "ComponentLink1URL"; Value = "http://www.nichicon.co.jp/"; VariantName = "[No Variations]"
Change component parameters (AddParameter): Name = "ComponentLink2Description"; Value = "Datasheet"; VariantName = "[No Variations]"
Change component parameters (AddParameter): Name = "ComponentLink2URL"; Value = "http://products.nichicon.co.jp/en/pdf/XJA043/e-ud.pdf"; VariantName = "[No Variations]"
Change component parameters (AddParameter): Name = "ComponentLink3Description"; Value = "Package Specification"; VariantName = "[No Variations]"
Change component parameters (AddParameter): Name = "ComponentLink3URL"; Value = "http://products.nichicon.co.jp/en/pdf/XJA043/e-ud.pdf"; VariantName = "[No Variations]"
Change component parameters (AddParameter): Name = "DatasheetVersion"; Value = "08/2012"; VariantName = "[No Variations]"
Change component parameters (AddParameter): Name = "Diameter"; Value = "8 mm"; VariantName = "[No Variations]"
Change component parameters (AddParameter): Name = "Endurance Time"; Value = "5000 h"; VariantName = "[No Variations]"
Change component parameters (AddParameter): Name = "Impedance"; Value = "0.17 Ohm"; VariantName = "[No Variations]"
Change component parameters (AddParameter): Name = "Length"; Value = "10 mm"; VariantName = "[No Variations]"
Change component parameters (AddParameter): Name = "Manufacturer"; Value = "Nichicon"; VariantName = "[No Variations]"
Change component parameters (AddParameter): Name = "Mounting Technology"; Value = "Surface Mount"; VariantName = "[No Variations]"
Change component parameters (AddParameter): Name = "PackageDescription"; Value = "2-Pin Surface Mount Device, Diameter 8 mm, Height 10 mm, Pitch 6.5 mm"; VariantName = "[No Variations]"
Change component parameters (AddParameter): Name = "PackageReference"; Value = "CAPAE-D8H10"; VariantName = "[No Variations]"
Change component parameters (AddParameter): Name = "Packing"; Value = "Dia382mm Reel"; VariantName = "[No Variations]"
Change component parameters (AddParameter): Name = "PartNumber"; Value = "UUD1V101MNL1GS"; VariantName = "[No Variations]"
Change component parameters (AddParameter): Name = "Rated Capacitance"; Value = "100 uF"; VariantName = "[No Variations]"
Change component parameters (AddParameter): Name = "Rated Ripple Current (at 100kHz)"; Value = "450 mA"; VariantName = "[No Variations]"
Change component parameters (AddParameter): Name = "Rated Voltage"; Value = "35 V"; VariantName = "[No Variations]"
Change component parameters (AddParameter): Name = "RoHS"; Value = "TRUE"; VariantName = "[No Variations]"
Change component parameters (AddParameter): Name = "Tolerance Rated Capacitance"; Value = "-20 to 20%"; VariantName = "[No Variations]"
Change component parameters: Designator = "C43"; Footprint = "SMD-CAP-0606"; UniqueID = "\OCTWFSYM\MSCHEASD"
Change component parameters. Clean all parameters for all variants
Change component parameters (AddParameter): Name = "ComponentLink1Description"; Value = "Manufacturer URL"; VariantName = "[No Variations]"
Change component parameters (AddParameter): Name = "ComponentLink1URL"; Value = "http://www.nichicon.co.jp/"; VariantName = "[No Variations]"
Change component parameters (AddParameter): Name = "ComponentLink2Description"; Value = "Datasheet"; VariantName = "[No Variations]"
Change component parameters (AddParameter): Name = "ComponentLink2URL"; Value = "http://products.nichicon.co.jp/en/pdf/XJA043/e-ud.pdf"; VariantName = "[No Variations]"
Change component parameters (AddParameter): Name = "ComponentLink3Description"; Value = "Package Specification"; VariantName = "[No Variations]"
Change component parameters (AddParameter): Name = "ComponentLink3URL"; Value = "http://products.nichicon.co.jp/en/pdf/XJA043/e-ud.pdf"; VariantName = "[No Variations]"
Change component parameters (AddParameter): Name = "DatasheetVersion"; Value = "08/2012"; VariantName = "[No Variations]"
Change component parameters (AddParameter): Name = "Diameter"; Value = "8 mm"; VariantName = "[No Variations]"
Change component parameters (AddParameter): Name = "Endurance Time"; Value = "5000 h"; VariantName = "[No Variations]"
Change component parameters (AddParameter): Name = "Impedance"; Value = "0.17 Ohm"; VariantName = "[No Variations]"
Change component parameters (AddParameter): Name = "Length"; Value = "10 mm"; VariantName = "[No Variations]"
Change component parameters (AddParameter): Name = "Manufacturer"; Value = "Nichicon"; VariantName = "[No Variations]"
Change component parameters (AddParameter): Name = "Mounting Technology"; Value = "Surface Mount"; VariantName = "[No Variations]"
Change component parameters (AddParameter): Name = "PackageDescription"; Value = "2-Pin Surface Mount Device, Diameter 8 mm, Height 10 mm, Pitch 6.5 mm"; VariantName = "[No Variations]"
Change component parameters (AddParameter): Name = "PackageReference"; Value = "CAPAE-D8H10"; VariantName = "[No Variations]"
Change component parameters (AddParameter): Name = "Packing"; Value = "Dia382mm Reel"; VariantName = "[No Variations]"
Change component parameters (AddParameter): Name = "PartNumber"; Value = "UUD1V101MNL1GS"; VariantName = "[No Variations]"
Change component parameters (AddParameter): Name = "Rated Capacitance"; Value = "100 uF"; VariantName = "[No Variations]"
Change component parameters (AddParameter): Name = "Rated Ripple Current (at 100kHz)"; Value = "450 mA"; VariantName = "[No Variations]"
Change component parameters (AddParameter): Name = "Rated Voltage"; Value = "35 V"; VariantName = "[No Variations]"
Change component parameters (AddParameter): Name = "RoHS"; Value = "TRUE"; VariantName = "[No Variations]"
Change component parameters (AddParameter): Name = "Tolerance Rated Capacitance"; Value = "-20 to 20%"; VariantName = "[No Variations]"
Change component parameters: Designator = "C54"; Footprint = "SMD-CAP-0606"; UniqueID = "\YVPOGWIZ\LXQGTJTZ"
Change component parameters. Clean all parameters for all variants
Change component parameters (AddParameter): Name = "ComponentLink1Description"; Value = "Manufacturer URL"; VariantName = "[No Variations]"
Change component parameters (AddParameter): Name = "ComponentLink1URL"; Value = "http://www.nichicon.co.jp/"; VariantName = "[No Variations]"
Change component parameters (AddParameter): Name = "ComponentLink2Description"; Value = "Datasheet"; VariantName = "[No Variations]"
Change component parameters (AddParameter): Name = "ComponentLink2URL"; Value = "http://products.nichicon.co.jp/en/pdf/XJA043/e-ud.pdf"; VariantName = "[No Variations]"
Change component parameters (AddParameter): Name = "ComponentLink3Description"; Value = "Package Specification"; VariantName = "[No Variations]"
Change component parameters (AddParameter): Name = "ComponentLink3URL"; Value = "http://products.nichicon.co.jp/en/pdf/XJA043/e-ud.pdf"; VariantName = "[No Variations]"
Change component parameters (AddParameter): Name = "DatasheetVersion"; Value = "08/2012"; VariantName = "[No Variations]"
Change component parameters (AddParameter): Name = "Diameter"; Value = "8 mm"; VariantName = "[No Variations]"
Change component parameters (AddParameter): Name = "Endurance Time"; Value = "5000 h"; VariantName = "[No Variations]"
Change component parameters (AddParameter): Name = "Impedance"; Value = "0.17 Ohm"; VariantName = "[No Variations]"
Change component parameters (AddParameter): Name = "Length"; Value = "10 mm"; VariantName = "[No Variations]"
Change component parameters (AddParameter): Name = "Manufacturer"; Value = "Nichicon"; VariantName = "[No Variations]"
Change component parameters (AddParameter): Name = "Mounting Technology"; Value = "Surface Mount"; VariantName = "[No Variations]"
Change component parameters (AddParameter): Name = "PackageDescription"; Value = "2-Pin Surface Mount Device, Diameter 8 mm, Height 10 mm, Pitch 6.5 mm"; VariantName = "[No Variations]"
Change component parameters (AddParameter): Name = "PackageReference"; Value = "CAPAE-D8H10"; VariantName = "[No Variations]"
Change component parameters (AddParameter): Name = "Packing"; Value = "Dia382mm Reel"; VariantName = "[No Variations]"
Change component parameters (AddParameter): Name = "PartNumber"; Value = "UUD1V101MNL1GS"; VariantName = "[No Variations]"
Change component parameters (AddParameter): Name = "Rated Capacitance"; Value = "100 uF"; VariantName = "[No Variations]"
Change component parameters (AddParameter): Name = "Rated Ripple Current (at 100kHz)"; Value = "450 mA"; VariantName = "[No Variations]"
Change component parameters (AddParameter): Name = "Rated Voltage"; Value = "35 V"; VariantName = "[No Variations]"
Change component parameters (AddParameter): Name = "RoHS"; Value = "TRUE"; VariantName = "[No Variations]"
Change component parameters (AddParameter): Name = "Tolerance Rated Capacitance"; Value = "-20 to 20%"; VariantName = "[No Variations]"
Change component parameters: Designator = "C55"; Footprint = "SMD-CAP-0606"; UniqueID = "\YVPOGWIZ\NXUXDGRO"
Change component parameters. Clean all parameters for all variants
Change component parameters (AddParameter): Name = "ComponentLink1Description"; Value = "Manufacturer URL"; VariantName = "[No Variations]"
Change component parameters (AddParameter): Name = "ComponentLink1URL"; Value = "http://www.nichicon.co.jp/"; VariantName = "[No Variations]"
Change component parameters (AddParameter): Name = "ComponentLink2Description"; Value = "Datasheet"; VariantName = "[No Variations]"
Change component parameters (AddParameter): Name = "ComponentLink2URL"; Value = "http://products.nichicon.co.jp/en/pdf/XJA043/e-ud.pdf"; VariantName = "[No Variations]"
Change component parameters (AddParameter): Name = "ComponentLink3Description"; Value = "Package Specification"; VariantName = "[No Variations]"
Change component parameters (AddParameter): Name = "ComponentLink3URL"; Value = "http://products.nichicon.co.jp/en/pdf/XJA043/e-ud.pdf"; VariantName = "[No Variations]"
Change component parameters (AddParameter): Name = "DatasheetVersion"; Value = "08/2012"; VariantName = "[No Variations]"
Change component parameters (AddParameter): Name = "Diameter"; Value = "8 mm"; VariantName = "[No Variations]"
Change component parameters (AddParameter): Name = "Endurance Time"; Value = "5000 h"; VariantName = "[No Variations]"
Change component parameters (AddParameter): Name = "Impedance"; Value = "0.17 Ohm"; VariantName = "[No Variations]"
Change component parameters (AddParameter): Name = "Length"; Value = "10 mm"; VariantName = "[No Variations]"
Change component parameters (AddParameter): Name = "Manufacturer"; Value = "Nichicon"; VariantName = "[No Variations]"
Change component parameters (AddParameter): Name = "Mounting Technology"; Value = "Surface Mount"; VariantName = "[No Variations]"
Change component parameters (AddParameter): Name = "PackageDescription"; Value = "2-Pin Surface Mount Device, Diameter 8 mm, Height 10 mm, Pitch 6.5 mm"; VariantName = "[No Variations]"
Change component parameters (AddParameter): Name = "PackageReference"; Value = "CAPAE-D8H10"; VariantName = "[No Variations]"
Change component parameters (AddParameter): Name = "Packing"; Value = "Dia382mm Reel"; VariantName = "[No Variations]"
Change component parameters (AddParameter): Name = "PartNumber"; Value = "UUD1V101MNL1GS"; VariantName = "[No Variations]"
Change component parameters (AddParameter): Name = "Rated Capacitance"; Value = "100 uF"; VariantName = "[No Variations]"
Change component parameters (AddParameter): Name = "Rated Ripple Current (at 100kHz)"; Value = "450 mA"; VariantName = "[No Variations]"
Change component parameters (AddParameter): Name = "Rated Voltage"; Value = "35 V"; VariantName = "[No Variations]"
Change component parameters (AddParameter): Name = "RoHS"; Value = "TRUE"; VariantName = "[No Variations]"
Change component parameters (AddParameter): Name = "Tolerance Rated Capacitance"; Value = "-20 to 20%"; VariantName = "[No Variations]"
Change component parameters: Designator = "C62"; Footprint = "SMD-CAP-0606"; UniqueID = "\YVPOGWIZ\WCJFOXZZ"
Change component parameters. Clean all parameters for all variants
Change component parameters (AddParameter): Name = "ComponentLink1Description"; Value = "Manufacturer URL"; VariantName = "[No Variations]"
Change component parameters (AddParameter): Name = "ComponentLink1URL"; Value = "http://www.nichicon.co.jp/"; VariantName = "[No Variations]"
Change component parameters (AddParameter): Name = "ComponentLink2Description"; Value = "Datasheet"; VariantName = "[No Variations]"
Change component parameters (AddParameter): Name = "ComponentLink2URL"; Value = "http://products.nichicon.co.jp/en/pdf/XJA043/e-ud.pdf"; VariantName = "[No Variations]"
Change component parameters (AddParameter): Name = "ComponentLink3Description"; Value = "Package Specification"; VariantName = "[No Variations]"
Change component parameters (AddParameter): Name = "ComponentLink3URL"; Value = "http://products.nichicon.co.jp/en/pdf/XJA043/e-ud.pdf"; VariantName = "[No Variations]"
Change component parameters (AddParameter): Name = "DatasheetVersion"; Value = "08/2012"; VariantName = "[No Variations]"
Change component parameters (AddParameter): Name = "Diameter"; Value = "8 mm"; VariantName = "[No Variations]"
Change component parameters (AddParameter): Name = "Endurance Time"; Value = "5000 h"; VariantName = "[No Variations]"
Change component parameters (AddParameter): Name = "Impedance"; Value = "0.17 Ohm"; VariantName = "[No Variations]"
Change component parameters (AddParameter): Name = "Length"; Value = "10 mm"; VariantName = "[No Variations]"
Change component parameters (AddParameter): Name = "Manufacturer"; Value = "Nichicon"; VariantName = "[No Variations]"
Change component parameters (AddParameter): Name = "Mounting Technology"; Value = "Surface Mount"; VariantName = "[No Variations]"
Change component parameters (AddParameter): Name = "PackageDescription"; Value = "2-Pin Surface Mount Device, Diameter 8 mm, Height 10 mm, Pitch 6.5 mm"; VariantName = "[No Variations]"
Change component parameters (AddParameter): Name = "PackageReference"; Value = "CAPAE-D8H10"; VariantName = "[No Variations]"
Change component parameters (AddParameter): Name = "Packing"; Value = "Dia382mm Reel"; VariantName = "[No Variations]"
Change component parameters (AddParameter): Name = "PartNumber"; Value = "UUD1V101MNL1GS"; VariantName = "[No Variations]"
Change component parameters (AddParameter): Name = "Rated Capacitance"; Value = "100 uF"; VariantName = "[No Variations]"
Change component parameters (AddParameter): Name = "Rated Ripple Current (at 100kHz)"; Value = "450 mA"; VariantName = "[No Variations]"
Change component parameters (AddParameter): Name = "Rated Voltage"; Value = "35 V"; VariantName = "[No Variations]"
Change component parameters (AddParameter): Name = "RoHS"; Value = "TRUE"; VariantName = "[No Variations]"
Change component parameters (AddParameter): Name = "Tolerance Rated Capacitance"; Value = "-20 to 20%"; VariantName = "[No Variations]"
