Removed Pin From Net: NetName=NetCN10_BOT_13 Pin=U?-7
Removed Pin From Net: NetName=NetCN10_BOT_9 Pin=U?-8
Removed Member From Class: ClassName=rs232 Member=U?
Change Component Designator: OldDesignator=J? NewDesignator=J1
Change Component Designator: OldDesignator=U? NewDesignator=U1
Added Component: Designator=C?(CAPC2013X94X50NL20T25)
Add component. Clean all parameters for all variants
Add component (AddParameter): Name = "Manufacturer"; Value = "AVX Interconnect / Elco"; VariantName = "[No Variations]"
Add component (AddParameter): Name = "Part Number"; Value = "08055C104K4T2A"; VariantName = "[No Variations]"
Added Component: Designator=C?(CAPC2013X94X50NL20T25)
Add component. Clean all parameters for all variants
Add component (AddParameter): Name = "Manufacturer"; Value = "AVX Interconnect / Elco"; VariantName = "[No Variations]"
Add component (AddParameter): Name = "Part Number"; Value = "08055C104K4T2A"; VariantName = "[No Variations]"
Added Component: Designator=C?(CAPC2013X94X50NL20T25)
Add component. Clean all parameters for all variants
Add component (AddParameter): Name = "Manufacturer"; Value = "AVX Interconnect / Elco"; VariantName = "[No Variations]"
Add component (AddParameter): Name = "Part Number"; Value = "08055C104K4T2A"; VariantName = "[No Variations]"
Added Component: Designator=C?(CAPC2013X94X50NL20T25)
Add component. Clean all parameters for all variants
Add component (AddParameter): Name = "Manufacturer"; Value = "AVX Interconnect / Elco"; VariantName = "[No Variations]"
Add component (AddParameter): Name = "Part Number"; Value = "08055C104K4T2A"; VariantName = "[No Variations]"
Added Pin To Net: NetName=NetCN10_BOT_13 Pin=U1-11
Added Pin To Net: NetName=NetCN10_BOT_9 Pin=U1-12
Added Pin To Net: NetName=3V3 Pin=U1-16
Added Net: Name=3V3
Added Pin To Net: NetName=GND Pin=C?-1
Added Pin To Net: NetName=GND Pin=C?-1
Added Pin To Net: NetName=GND Pin=J1-5
Added Pin To Net: NetName=GND Pin=U1-15
Added Net: Name=GND
Added Pin To Net: NetName=NetC?_1 Pin=C?-1
Added Pin To Net: NetName=NetC?_1 Pin=U1-1
Added Net: Name=NetC?_1
Added Pin To Net: NetName=NetC?_2 Pin=C?-2
Added Pin To Net: NetName=NetC?_2 Pin=U1-3
Added Net: Name=NetC?_2
Added Pin To Net: NetName=NetJ1_2 Pin=J1-2
Added Pin To Net: NetName=NetJ1_2 Pin=U1-13
Added Net: Name=NetJ1_2
Added Pin To Net: NetName=NetJ1_3 Pin=J1-3
Added Pin To Net: NetName=NetJ1_3 Pin=U1-14
Added Net: Name=NetJ1_3
Added Pin To Net: NetName=NetJ1_4 Pin=J1-4
Added Pin To Net: NetName=NetJ1_4 Pin=J1-6
Added Net: Name=NetJ1_4
Added Pin To Net: NetName=NetJ1_7 Pin=J1-7
Added Pin To Net: NetName=NetJ1_7 Pin=U1-10
Added Net: Name=NetJ1_7
Added Pin To Net: NetName=NetJ1_8 Pin=J1-8
Added Pin To Net: NetName=NetJ1_8 Pin=U1-9
Added Net: Name=NetJ1_8
Added Member To Class: ClassName=rs232 Member=Component C? 08055C104K4T2A
Added Member To Class: ClassName=rs232 Member=Component C? 08055C104K4T2A
Added Member To Class: ClassName=rs232 Member=Component C? 08055C104K4T2A
Added Member To Class: ClassName=rs232 Member=Component C? 08055C104K4T2A
Added Member To Class: ClassName=rs232 Member=Component U1 ICL3232ECV-16Z
Added Member To Class: ClassName=CANbus Member=Component U? MCP2542WFD-H/SN
Added Member To Class: ClassName=CANbus Member=Component U? MCP2542WFD-H/SN
Added Room: Name=CANbus
Added Room: Name=microcontroller
Added Room: Name=rs232
