Change Component Designator: OldDesignator=R2 NewDesignator=R4
Change Component Designator: OldDesignator=R3 NewDesignator=R5
Added Component: Designator=LEDRX(0805_A)
Add component. Clean all parameters for all variants
Add component (AddParameter): Name = "Color"; Value = "Red"; VariantName = "[No Variations]"
Add component (AddParameter): Name = "ComponentLink1Description"; Value = "Manufacturer URL"; VariantName = "[No Variations]"
Add component (AddParameter): Name = "ComponentLink1URL"; Value = "http://www.we-online.com"; VariantName = "[No Variations]"
Add component (AddParameter): Name = "ComponentLink2Description"; Value = "Datasheet"; VariantName = "[No Variations]"
Add component (AddParameter): Name = "ComponentLink2URL"; Value = "http://katalog.we-online.com/led/datasheet/150080RS75000.pdf"; VariantName = "[No Variations]"
Add component (AddParameter): Name = "Manufacturer"; Value = "Wuerth Elektronik"; VariantName = "[No Variations]"
Add component (AddParameter): Name = "PackageReference"; Value = "0805_A"; VariantName = "[No Variations]"
Add component (AddParameter): Name = "PartNumber"; Value = "150080RS75000"; VariantName = "[No Variations]"
Added Component: Designator=LEDTX(0805_A)
Add component. Clean all parameters for all variants
Add component (AddParameter): Name = "Color"; Value = "Red"; VariantName = "[No Variations]"
Add component (AddParameter): Name = "ComponentLink1Description"; Value = "Manufacturer URL"; VariantName = "[No Variations]"
Add component (AddParameter): Name = "ComponentLink1URL"; Value = "http://www.we-online.com"; VariantName = "[No Variations]"
Add component (AddParameter): Name = "ComponentLink2Description"; Value = "Datasheet"; VariantName = "[No Variations]"
Add component (AddParameter): Name = "ComponentLink2URL"; Value = "http://katalog.we-online.com/led/datasheet/150080RS75000.pdf"; VariantName = "[No Variations]"
Add component (AddParameter): Name = "Manufacturer"; Value = "Wuerth Elektronik"; VariantName = "[No Variations]"
Add component (AddParameter): Name = "PackageReference"; Value = "0805_A"; VariantName = "[No Variations]"
Add component (AddParameter): Name = "PartNumber"; Value = "150080RS75000"; VariantName = "[No Variations]"
Added Component: Designator=R2(RESC1609X50X30LL10T20)
Add component. Clean all parameters for all variants
Add component (AddParameter): Name = "Manufacturer"; Value = "Vishay Dale"; VariantName = "[No Variations]"
Add component (AddParameter): Name = "Part Number"; Value = "CRCW06034K70JNEA"; VariantName = "[No Variations]"
Added Component: Designator=R3(RESC1609X50X30LL10T20)
Add component. Clean all parameters for all variants
Add component (AddParameter): Name = "Manufacturer"; Value = "Vishay Dale"; VariantName = "[No Variations]"
Add component (AddParameter): Name = "Part Number"; Value = "CRCW06034K70JNEA"; VariantName = "[No Variations]"
Added Pin To Net: NetName=GND Pin=LEDRX-1
Added Pin To Net: NetName=GND Pin=LEDTX-1
Added Pin To Net: NetName=NetCN10_BOT_13 Pin=R2-1
Added Pin To Net: NetName=NetCN10_BOT_9 Pin=R3-1
Added Pin To Net: NetName=NetLEDRX_2 Pin=LEDRX-2
Added Pin To Net: NetName=NetLEDRX_2 Pin=R3-2
Added Net: Name=NetLEDRX_2
Added Pin To Net: NetName=NetLEDTX_2 Pin=LEDTX-2
Added Pin To Net: NetName=NetLEDTX_2 Pin=R2-2
Added Net: Name=NetLEDTX_2
Added Member To Class: ClassName=rs232 Member=Component LEDRX RED
Added Member To Class: ClassName=rs232 Member=Component LEDTX GREEN
Added Member To Class: ClassName=rs232 Member=Component R2 1.2K
Added Member To Class: ClassName=rs232 Member=Component R3 680R
Added Room: Name=CANbus
Added Room: Name=microcontroller
Added Room: Name=rs232
