Removed Member From Class: ClassName=CANbus Member=U2
Removed Member From Class: ClassName=CANbus Member=U3
Removed Member From Class: ClassName=CANbus Member=U4
Added Component: Designator=U?(SOIC8_4P9X3P9MC)
Add component. Clean all parameters for all variants
Add component (AddParameter): Name = "DeviceName"; Value = ""; VariantName = "[No Variations]"
Add component (AddParameter): Name = "DeviceSetName"; Value = "MCP2542WFD-H/SN"; VariantName = "[No Variations]"
Add component (AddParameter): Name = "GateName_1"; Value = "A"; VariantName = "[No Variations]"
Add component (AddParameter): Name = "LibraryName"; Value = "MicrochipMCPCAN"; VariantName = "[No Variations]"
Add component (AddParameter): Name = "MANUFACTURER_PART_NUMBER"; Value = "MCP2542WFDHSN"; VariantName = "[No Variations]"
Add component (AddParameter): Name = "Package"; Value = "SOIC8_4P9X3P9MC"; VariantName = "[No Variations]"
Add component (AddParameter): Name = "SymbolName_1"; Value = "MCP2542WFD-H/SN"; VariantName = "[No Variations]"
Add component (AddParameter): Name = "VENDOR"; Value = "Microchip"; VariantName = "[No Variations]"
Added Component: Designator=U?(TSSOP20_MC)
Add component. Clean all parameters for all variants
Add component (AddParameter): Name = "DeviceName"; Value = ""; VariantName = "[No Variations]"
Add component (AddParameter): Name = "DeviceSetName"; Value = "MCP2515T-I/ST"; VariantName = "[No Variations]"
Add component (AddParameter): Name = "GateName_1"; Value = "A"; VariantName = "[No Variations]"
Add component (AddParameter): Name = "LibraryName"; Value = "MicrochipMCPCAN"; VariantName = "[No Variations]"
Add component (AddParameter): Name = "MANUFACTURER_PART_NUMBER"; Value = "MCP2515TIST"; VariantName = "[No Variations]"
Add component (AddParameter): Name = "Package"; Value = "TSSOP20_MC"; VariantName = "[No Variations]"
Add component (AddParameter): Name = "SymbolName_1"; Value = "MCP2515-I/ST"; VariantName = "[No Variations]"
Add component (AddParameter): Name = "VENDOR"; Value = "Microchip"; VariantName = "[No Variations]"
Added Component: Designator=U?(SOIC8_4P9X3P9MC)
Add component. Clean all parameters for all variants
Add component (AddParameter): Name = "DeviceName"; Value = ""; VariantName = "[No Variations]"
Add component (AddParameter): Name = "DeviceSetName"; Value = "MCP2542WFD-H/SN"; VariantName = "[No Variations]"
Add component (AddParameter): Name = "GateName_1"; Value = "A"; VariantName = "[No Variations]"
Add component (AddParameter): Name = "LibraryName"; Value = "MicrochipMCPCAN"; VariantName = "[No Variations]"
Add component (AddParameter): Name = "MANUFACTURER_PART_NUMBER"; Value = "MCP2542WFDHSN"; VariantName = "[No Variations]"
Add component (AddParameter): Name = "Package"; Value = "SOIC8_4P9X3P9MC"; VariantName = "[No Variations]"
Add component (AddParameter): Name = "SymbolName_1"; Value = "MCP2542WFD-H/SN"; VariantName = "[No Variations]"
Add component (AddParameter): Name = "VENDOR"; Value = "Microchip"; VariantName = "[No Variations]"
Added Member To Class: ClassName=CANbus Member=Component U? MCP2542WFD-H/SN
Added Member To Class: ClassName=CANbus Member=Component U? MCP2515T-I/ST
Added Member To Class: ClassName=CANbus Member=Component U? MCP2542WFD-H/SN
Added Room: Name=CANbus
Added Room: Name=microcontroller
Added Room: Name=rs232
