Added Component: Designator=J?(TE-1734354-1-9_V)
Add component. Clean all parameters for all variants
Add component (AddParameter): Name = "3D Model"; Value = "1734354-1.pdf"; VariantName = "[No Variations]"
Add component (AddParameter): Name = "Catalog Drawings"; Value = "AMPD-SubMale.318"; VariantName = "[No Variations]"
Add component (AddParameter): Name = "Category"; Value = "Connectors,Interconnects"; VariantName = "[No Variations]"
Add component (AddParameter): Name = "Color"; Value = "Black"; VariantName = "[No Variations]"
Add component (AddParameter): Name = "Connector Style"; Value = "D-Sub"; VariantName = "[No Variations]"
Add component (AddParameter): Name = "Connector Type"; Value = "Receptacle,FemaleSockets"; VariantName = "[No Variations]"
Add component (AddParameter): Name = "Contact Finish"; Value = "Gold"; VariantName = "[No Variations]"
Add component (AddParameter): Name = "Contact Finish Thickness"; Value = "Flash"; VariantName = "[No Variations]"
Add component (AddParameter): Name = "Contact Type"; Value = "Signal"; VariantName = "[No Variations]"
Add component (AddParameter): Name = "Current Rating"; Value = "2A"; VariantName = "[No Variations]"
Add component (AddParameter): Name = "Datasheet URL"; Value = "http://www.te.com.cn/chn-zh/search.html?q=1734354-1&source=header#pdp-optional-registration"; VariantName = "[No Variations]"
Add component (AddParameter): Name = "Datasheet Version"; Value = "Rev. A1, 03/2011"; VariantName = "[No Variations]"
Add component (AddParameter): Name = "Dynamic Catalog"; Value = "AMPLIMITEHD-20Series"; VariantName = "[No Variations]"
Add component (AddParameter): Name = "Family"; Value = "D-SubConnectors"; VariantName = "[No Variations]"
Add component (AddParameter): Name = "Featured Product"; Value = "AMPLIMITED-SubminiatureConnectors"; VariantName = "[No Variations]"
Add component (AddParameter): Name = "Features"; Value = "BoardLock"; VariantName = "[No Variations]"
Add component (AddParameter): Name = "Flange Feature"; Value = "MatingSide;FemaleScrewlock(4-40)"; VariantName = "[No Variations]"
Add component (AddParameter): Name = "Housing Material"; Value = "Polyamide(PA9T),Nylon9T,GlassFilled"; VariantName = "[No Variations]"
Add component (AddParameter): Name = "Manufacturer"; Value = "TE Connectivity"; VariantName = "[No Variations]"
Add component (AddParameter): Name = "Manufacturer URL"; Value = "http://www.te.com/"; VariantName = "[No Variations]"
Add component (AddParameter): Name = "Mating Products"; Value = "AML09B-ND
-CONND-SUBPLUG9POSGOLD"; VariantName = "[No Variations]"
Add component (AddParameter): Name = "Mounting Type"; Value = "ThroughHole,RightAngle"; VariantName = "[No Variations]"
Add component (AddParameter): Name = "Number of Positions"; Value = "9"; VariantName = "[No Variations]"
Add component (AddParameter): Name = "Number of Rows"; Value = "2"; VariantName = "[No Variations]"
Add component (AddParameter): Name = "Operating Temperature"; Value = "-55degC~105degC"; VariantName = "[No Variations]"
Add component (AddParameter): Name = "Other Names"; Value = "A35107"; VariantName = "[No Variations]"
Add component (AddParameter): Name = "Product Training Modules"; Value = "AMPLIMITED-SubConnectors"; VariantName = "[No Variations]"
Add component (AddParameter): Name = "RoHS Information"; Value = "1734354-1StatementofCompliance"; VariantName = "[No Variations]"
Add component (AddParameter): Name = "Series"; Value = "AMPLIMITEHD-20"; VariantName = "[No Variations]"
Add component (AddParameter): Name = "Shell Material, Finish"; Value = "Steel,NickelPlated"; VariantName = "[No Variations]"
Add component (AddParameter): Name = "Shell Size, Connector Layout"; Value = "1(DE,E)"; VariantName = "[No Variations]"
Add component (AddParameter): Name = "Standard Package"; Value = "90"; VariantName = "[No Variations]"
Add component (AddParameter): Name = "Termination"; Value = "Solder"; VariantName = "[No Variations]"
Add component (AddParameter): Name = "Voltage Rating"; Value = "250V"; VariantName = "[No Variations]"
Added Member To Class: ClassName=rs232 Member=Component J? 1734354-1
Added Member To Class: ClassName=CANbus Member=Component U? MCP2542WFD-H/SN
Added Member To Class: ClassName=CANbus Member=Component U? MCP2542WFD-H/SN
Added Room: Name=CANbus
Added Room: Name=microcontroller
Added Room: Name=rs232
