Change Component Footprint: Designator=C13 Old Footprint=CAPC1608X87X35ML15T15 New Footprint=CAPC1608X87X35LL15T15
Change Component Footprint: Designator=C16 Old Footprint=CAPC1608X87X35ML15T15 New Footprint=CAPC1608X87X35LL15T15
Change Component Footprint: Designator=C17 Old Footprint=CAPC1608X87X35ML15T15 New Footprint=CAPC1608X87X35LL15T15
Change Component Footprint: Designator=C19 Old Footprint=CAPC1608X87X35ML15T15 New Footprint=CAPC1608X87X35LL15T15
Change Component Footprint: Designator=C14 Old Footprint=CAPC1608X87X35NL15T15 New Footprint=CAPC1608X87X35LL15T15
Change Component Footprint: Designator=C20 Old Footprint=CAPC1608X87X35NL15T15 New Footprint=CAPC1608X87X35LL15T15
Change Component Footprint: Designator=C29 Old Footprint=CAPC1608X87X35NL15T15 New Footprint=CAPC1608X87X35LL15T15
Change Component Footprint: Designator=C31 Old Footprint=CAPC1608X87X35NL15T15 New Footprint=CAPC1608X87X35LL15T15
Change Component Footprint: Designator=C44 Old Footprint=CAPC1608X87X35NL15T15 New Footprint=CAPC1608X87X35LL15T15
Change Component Footprint: Designator=C45 Old Footprint=CAPC1608X87X35NL15T15 New Footprint=CAPC1608X87X35LL15T15
Change Component Footprint: Designator=C46 Old Footprint=CAPC1608X87X35NL15T15 New Footprint=CAPC1608X87X35LL15T15
Change Component Footprint: Designator=C50 Old Footprint=CAPC1608X87X35NL15T15 New Footprint=CAPC1608X87X35LL15T15
Change Component Footprint: Designator=C51 Old Footprint=CAPC1608X87X35NL15T15 New Footprint=CAPC1608X87X35LL15T15
Change Component Footprint: Designator=C52 Old Footprint=CAPC1608X87X35NL15T15 New Footprint=CAPC1608X87X35LL15T15
Change Component Footprint: Designator=C53 Old Footprint=CAPC1608X87X35NL15T15 New Footprint=CAPC1608X87X35LL15T15
Change Component Footprint: Designator=C56 Old Footprint=CAPC1608X87X35NL15T15 New Footprint=CAPC1608X87X35LL15T15
Change Component Footprint: Designator=C57 Old Footprint=CAPC1608X87X35NL15T15 New Footprint=CAPC1608X87X35LL15T15
Change Component Footprint: Designator=C59 Old Footprint=CAPC1608X87X35NL15T15 New Footprint=CAPC1608X87X35LL15T15
Change Component Footprint: Designator=C60 Old Footprint=CAPC1608X87X35NL15T15 New Footprint=CAPC1608X87X35LL15T15
Change Component Footprint: Designator=C64 Old Footprint=CAPC1608X87X35NL15T15 New Footprint=CAPC1608X87X35LL15T15
Change Component Footprint: Designator=C65 Old Footprint=CAPC1608X87X35NL15T15 New Footprint=CAPC1608X87X35LL15T15
Change Component Footprint: Designator=C47 Old Footprint=CAPC1608X90X35NL10T15 New Footprint=CAPC1608X90X35LL10T15
Change Component Footprint: Designator=C58 Old Footprint=CAPC1608X90X35NL10T15 New Footprint=CAPC1608X90X35LL10T15
Change Component Footprint: Designator=C30 Old Footprint=CAPC2013X88X50NL20T25 New Footprint=CAPC2013X88X50LL20T25
Change Component Footprint: Designator=C6 Old Footprint=CAPC2013X94X50NL20T25 New Footprint=CAPC2013X94X50LL20T25
Change Component Footprint: Designator=C22 Old Footprint=CAPC2013X94X50NL20T25 New Footprint=CAPC2013X94X50LL20T25
Change Component Footprint: Designator=C23 Old Footprint=CAPC2013X94X50NL20T25 New Footprint=CAPC2013X94X50LL20T25
Change Component Footprint: Designator=C24 Old Footprint=CAPC2013X94X50NL20T25 New Footprint=CAPC2013X94X50LL20T25
Change Component Footprint: Designator=C25 Old Footprint=CAPC2013X94X50NL20T25 New Footprint=CAPC2013X94X50LL20T25
Change Component Footprint: Designator=C33 Old Footprint=CAPC2013X94X50NL20T25 New Footprint=CAPC2013X94X50LL20T25
Change Component Footprint: Designator=C11 Old Footprint=CAPC2013X95X45ML15T25 New Footprint=CAPC2013X95X45LL15T25
Change Component Footprint: Designator=C12 Old Footprint=CAPC2013X95X45ML15T25 New Footprint=CAPC2013X95X45LL15T25
Change Component Footprint: Designator=C4 Old Footprint=CAPC2113X100X50NL30T25 New Footprint=CAPC2113X100X50LL30T25
Change Component Footprint: Designator=Q1 Old Footprint=NXP-SOT23_M New Footprint=NXP-SOT23_L
Change Component Footprint: Designator=2 Old Footprint=RESC1608X55X30ML15T15 New Footprint=RESC1608X55X30LL15T15
Change Component Footprint: Designator=3 Old Footprint=RESC1608X55X30ML15T15 New Footprint=RESC1608X55X30LL15T15
Change Component Footprint: Designator=R1 Old Footprint=RESC1608X55X30ML15T15 New Footprint=RESC1608X55X30LL15T15
Change Component Footprint: Designator=R2 Old Footprint=RESC1608X55X30ML15T15 New Footprint=RESC1608X55X30LL15T15
Change Component Footprint: Designator=R3 Old Footprint=RESC1608X55X30ML15T15 New Footprint=RESC1608X55X30LL15T15
Change Component Footprint: Designator=R4 Old Footprint=RESC1608X55X30ML15T15 New Footprint=RESC1608X55X30LL15T15
Change Component Footprint: Designator=R5 Old Footprint=RESC1608X55X30ML15T15 New Footprint=RESC1608X55X30LL15T15
Change Component Footprint: Designator=R11 Old Footprint=RESC1608X55X30ML15T15 New Footprint=RESC1608X55X30LL15T15
Change Component Footprint: Designator=R12 Old Footprint=RESC1608X55X30ML15T15 New Footprint=RESC1608X55X30LL15T15
Change Component Footprint: Designator=R20 Old Footprint=RESC1608X55X30ML15T15 New Footprint=RESC1608X55X30LL15T15
Change Component Footprint: Designator=R21 Old Footprint=RESC1608X55X30ML15T15 New Footprint=RESC1608X55X30LL15T15
Change Component Footprint: Designator=R22 Old Footprint=RESC1608X55X30ML15T15 New Footprint=RESC1608X55X30LL15T15
Change Component Footprint: Designator=R23 Old Footprint=RESC1608X55X30ML15T15 New Footprint=RESC1608X55X30LL15T15
Change Component Footprint: Designator=R24 Old Footprint=RESC1608X55X30ML15T15 New Footprint=RESC1608X55X30LL15T15
Change Component Footprint: Designator=R27 Old Footprint=RESC1608X55X30ML15T15 New Footprint=RESC1608X55X30LL15T15
Change Component Footprint: Designator=R28 Old Footprint=RESC1608X55X30ML15T15 New Footprint=RESC1608X55X30LL15T15
Change Component Footprint: Designator=R29 Old Footprint=RESC1608X55X30ML15T15 New Footprint=RESC1608X55X30LL15T15
Change Component Footprint: Designator=R30 Old Footprint=RESC1608X55X30ML15T15 New Footprint=RESC1608X55X30LL15T15
Change Component Footprint: Designator=R31 Old Footprint=RESC1608X55X30ML15T15 New Footprint=RESC1608X55X30LL15T15
Change Component Footprint: Designator=R32 Old Footprint=RESC1608X55X30ML15T15 New Footprint=RESC1608X55X30LL15T15
Change Component Footprint: Designator=R33 Old Footprint=RESC1608X55X30ML15T15 New Footprint=RESC1608X55X30LL15T15
Change Component Footprint: Designator=R34 Old Footprint=RESC1608X55X30ML15T15 New Footprint=RESC1608X55X30LL15T15
Change Component Footprint: Designator=R35 Old Footprint=RESC1608X55X30ML15T15 New Footprint=RESC1608X55X30LL15T15
Change Component Footprint: Designator=R36 Old Footprint=RESC1608X55X30ML15T15 New Footprint=RESC1608X55X30LL15T15
Change Component Footprint: Designator=R37 Old Footprint=RESC1608X55X30ML15T15 New Footprint=RESC1608X55X30LL15T15
Change Component Footprint: Designator=R38 Old Footprint=RESC1608X55X30ML15T15 New Footprint=RESC1608X55X30LL15T15
Change Component Footprint: Designator=R39 Old Footprint=RESC1608X55X30ML15T15 New Footprint=RESC1608X55X30LL15T15
Change Component Footprint: Designator=R40 Old Footprint=RESC1608X55X30ML15T15 New Footprint=RESC1608X55X30LL15T15
Change Component Footprint: Designator=R41 Old Footprint=RESC1608X55X30ML15T15 New Footprint=RESC1608X55X30LL15T15
Change Component Footprint: Designator=R18 Old Footprint=RESC1609X55X30ML10T20 New Footprint=RESC1609X55X30LL10T20
Change Component Footprint: Designator=R19 Old Footprint=RESC1609X55X30ML10T20 New Footprint=RESC1609X55X30LL10T20
Change Component Footprint: Designator=R15 Old Footprint=RESC3216X70X50NL05T20 New Footprint=RESC3216X70X50LL05T20
Change Component Footprint: Designator=R16 Old Footprint=RESC3216X70X50NL05T20 New Footprint=RESC3216X70X50LL05T20
