Removed Pin From Net: NetName=+12 Pin=P3-1
Removed Pin From Net: NetName=+12 Pin=P4-1
Removed Pin From Net: NetName=AGND Pin=P15-1
Removed Pin From Net: NetName=AGND Pin=P15-3
Removed Pin From Net: NetName=AGND Pin=P15-5
Removed Pin From Net: NetName=AGND Pin=P15-7
Removed Pin From Net: NetName=AGND Pin=P15-9
Removed Pin From Net: NetName=AGND Pin=P15-11
Removed Pin From Net: NetName=AGND Pin=P15-13
Removed Pin From Net: NetName=AGND Pin=P15-15
Removed Pin From Net: NetName=I2C_SCL Pin=R45-3
Removed Pin From Net: NetName=I2C_SDA Pin=R45-4
Removed Pin From Net: NetName=PA3 Pin=R46-1
Removed Pin From Net: NetName=PA2 Pin=R46-2
Removed Pin From Net: NetName=PA0 Pin=R46-3
Removed Pin From Net: NetName=PA1 Pin=R46-4
Removed Pin From Net: NetName=RESET Pin=R48-1
Removed Pin From Net: NetName=PB13 Pin=R48-2
Removed Pin From Net: NetName=MISO Pin=R48-3
Removed Pin From Net: NetName=MOSI Pin=R48-4
Removed Pin From Net: NetName=PA12 Pin=R49-2
Removed Pin From Net: NetName=PA11 Pin=R49-3
Removed Member From Class: ClassName=Test Points Member=P16
Removed Member From Class: ClassName=Test Points Member=R48
Removed Member From Class: ClassName=Test Points Member=R49
Change Component Designator: OldDesignator=D1 NewDesignator=D2
Change Component Designator: OldDesignator=D2 NewDesignator=D3
Change Component Designator: OldDesignator=P16 NewDesignator=P15
Change Component Designator: OldDesignator=P17 NewDesignator=P16
Change Component Designator: OldDesignator=P18 NewDesignator=P17
Change Component Designator: OldDesignator=R43 NewDesignator=R44
Change Component Designator: OldDesignator=R44 NewDesignator=R43
Change Component Designator: OldDesignator=R47 NewDesignator=R46
Change Component Designator: OldDesignator=R49 NewDesignator=R47
Change Component Designator: OldDesignator=R50 NewDesignator=R48
Added Component: Designator=D1(SMC)
Add component. Clean all parameters for all variants
Add component (AddParameter): Name = "ComponentLink1Description"; Value = "Manufacturer URL"; VariantName = "[No Variations]"
Add component (AddParameter): Name = "ComponentLink1URL"; Value = "http://www.onsemi.com/"; VariantName = "[No Variations]"
Add component (AddParameter): Name = "ComponentLink2Description"; Value = "Datasheet"; VariantName = "[No Variations]"
Add component (AddParameter): Name = "ComponentLink2URL"; Value = "http://www.onsemi.cn/pub_link/Collateral/MBRS540T3-D.PDF"; VariantName = "[No Variations]"
Add component (AddParameter): Name = "ComponentLink3Description"; Value = "Package Specification"; VariantName = "[No Variations]"
Add component (AddParameter): Name = "ComponentLink3URL"; Value = "http://www.onsemi.com/pub_link/Collateral/403-03.PDF"; VariantName = "[No Variations]"
Add component (AddParameter): Name = "Configuration"; Value = "Single"; VariantName = "[No Variations]"
Add component (AddParameter): Name = "DatasheetVersion"; Value = "Rev. 8"; VariantName = "[No Variations]"
Add component (AddParameter): Name = "IFSM Max (A)"; Value = "190"; VariantName = "[No Variations]"
Add component (AddParameter): Name = "Manufacturer"; Value = "On Semiconductor"; VariantName = "[No Variations]"
Add component (AddParameter): Name = "Mounting Technology"; Value = "Surface Mount"; VariantName = "[No Variations]"
Add component (AddParameter): Name = "PackageDescription"; Value = "2-Pin Small Molded Package, J-Bend Lead, Body 5.845 x 6.855 mm"; VariantName = "[No Variations]"
Add component (AddParameter): Name = "PackageReference"; Value = "SMC-2-403-03"; VariantName = "[No Variations]"
Add component (AddParameter): Name = "PackageVersion"; Value = "Rev. E, 08/2005"; VariantName = "[No Variations]"
Add component (AddParameter): Name = "Packing"; Value = "Tape and Reel"; VariantName = "[No Variations]"
Add component (AddParameter): Name = "PartNumber"; Value = "MBRS540T3"; VariantName = "[No Variations]"
Add component (AddParameter): Name = "RoHS"; Value = "FALSE"; VariantName = "[No Variations]"
Added Component: Designator=LCD1(LCD Module)
Add component. Clean all parameters for all variants
Add component (AddParameter): Name = "LatestRevisionDate"; Value = "17-Jul-2002"; VariantName = "[No Variations]"
Add component (AddParameter): Name = "LatestRevisionNote"; Value = "Re-released for DXP Platform."; VariantName = "[No Variations]"
Add component (AddParameter): Name = "Publisher"; Value = "Altium Limited"; VariantName = "[No Variations]"
Added Pin To Net: NetName=+12 Pin=D1-1
Added Pin To Net: NetName=AGND Pin=LCD1-1
Added Pin To Net: NetName=E5V Pin=LCD1-2
Added Pin To Net: NetName=LCD_CNTRST Pin=LCD1-3
Added Pin To Net: NetName=PA4 Pin=LCD1-4
Added Pin To Net: NetName=AGND Pin=LCD1-5
Added Pin To Net: NetName=E Pin=LCD1-6
Added Pin To Net: NetName=DB4 Pin=LCD1-11
Added Pin To Net: NetName=DB5 Pin=LCD1-12
Added Pin To Net: NetName=DB6 Pin=LCD1-13
Added Pin To Net: NetName=DB7 Pin=LCD1-14
Added Pin To Net: NetName=E5V Pin=LCD1-15
Added Pin To Net: NetName=PWM Pin=LCD1-16
Change Net Name : Old Net Name=NetP16_2 New Net Name=NetP15_2
Change Net Name : Old Net Name=NetP16_4 New Net Name=NetP15_4
Change Net Name : Old Net Name=NetP16_6 New Net Name=NetP15_6
Change Net Name : Old Net Name=NetP16_8 New Net Name=NetP15_8
Change Net Name : Old Net Name=NetP16_10 New Net Name=NetP15_10
Change Net Name : Old Net Name=NetP16_12 New Net Name=NetP15_12
Change Net Name : Old Net Name=NetP16_14 New Net Name=NetP15_14
Change Net Name : Old Net Name=NetP16_16 New Net Name=NetP15_16
Change Net Name : Old Net Name=NetP17_6 New Net Name=NetP16_6
Added Pin To Net: NetName=NetD1_2 Pin=D1-2
Added Pin To Net: NetName=NetD1_2 Pin=P3-1
Added Pin To Net: NetName=NetD1_2 Pin=P4-1
Added Net: Name=NetD1_2
Added Member To Class: ClassName=Power Supply Member=Component D1 MBRS540T3
Added Member To Class: ClassName=LCD Member=Component LCD1 LCD Module
Added Member To Class: ClassName=STM32F303RE Member=Component P1 Nucleo
