Removed Pin From Net: NetName=NetJ1_7 Pin=U1-10
Removed Member From Class: ClassName=CANbus Member=U1
Change Component Comment : Designator=C? Old Comment=08055C104K4T2A New Comment=100nF
Change Component Comment : Designator=C? Old Comment=08055C104K4T2A New Comment=100nF
Change Component Comment : Designator=C? Old Comment=08055C104K4T2A New Comment=100nF
Change Component Comment : Designator=C? Old Comment=08055C104K4T2A New Comment=100nF
Change Component Designator: OldDesignator=C? NewDesignator=C2
Change Component Designator: OldDesignator=C? NewDesignator=C3
Change Component Designator: OldDesignator=C? NewDesignator=C4
Change Component Designator: OldDesignator=C? NewDesignator=C5
Change Component Designator: OldDesignator=U? NewDesignator=U2
Change Component Designator: OldDesignator=U? NewDesignator=U3
Added Component: Designator=C1(CAPC1608X87X35NL15T15)
Add component. Clean all parameters for all variants
Add component (AddParameter): Name = "Manufacturer"; Value = "Kemet"; VariantName = "[No Variations]"
Add component (AddParameter): Name = "Part Number"; Value = "C0603X104K5RACTU"; VariantName = "[No Variations]"
Added Component: Designator=C6(CAPC1608X92X38LL15T08)
Add component. Clean all parameters for all variants
Add component (AddParameter): Name = "Manufacturer"; Value = "Vitramon"; VariantName = "[No Variations]"
Add component (AddParameter): Name = "Part Number"; Value = "VJ0603Y104KNXAO"; VariantName = "[No Variations]"
Added Component: Designator=C7(CAPC1608X92X38LL15T08)
Add component. Clean all parameters for all variants
Add component (AddParameter): Name = "Manufacturer"; Value = "Vitramon"; VariantName = "[No Variations]"
Add component (AddParameter): Name = "Part Number"; Value = "VJ0603Y104KNXAO"; VariantName = "[No Variations]"
Added Component: Designator=C8(CAPC1608X87X35NL15T15)
Add component. Clean all parameters for all variants
Add component (AddParameter): Name = "Manufacturer"; Value = "Kemet"; VariantName = "[No Variations]"
Add component (AddParameter): Name = "Part Number"; Value = "C0603C180J3GACAUTO"; VariantName = "[No Variations]"
Added Component: Designator=C9(CAPC1608X87X35NL15T15)
Add component. Clean all parameters for all variants
Add component (AddParameter): Name = "Manufacturer"; Value = "Kemet"; VariantName = "[No Variations]"
Add component (AddParameter): Name = "Part Number"; Value = "C0603C180J3GACAUTO"; VariantName = "[No Variations]"
Added Component: Designator=C10(CAPC1608X92X38LL15T08)
Add component. Clean all parameters for all variants
Add component (AddParameter): Name = "Manufacturer"; Value = "Vitramon"; VariantName = "[No Variations]"
Add component (AddParameter): Name = "Part Number"; Value = "VJ0603Y104KNXAO"; VariantName = "[No Variations]"
Added Component: Designator=C11(CAPC1608X92X38LL15T08)
Add component. Clean all parameters for all variants
Add component (AddParameter): Name = "Manufacturer"; Value = "Vitramon"; VariantName = "[No Variations]"
Add component (AddParameter): Name = "Part Number"; Value = "VJ0603Y104KNXAO"; VariantName = "[No Variations]"
Added Component: Designator=C12(CAPC1608X92X38LL15T08)
Add component. Clean all parameters for all variants
Add component (AddParameter): Name = "Manufacturer"; Value = "Vitramon"; VariantName = "[No Variations]"
Add component (AddParameter): Name = "Part Number"; Value = "VJ0603Y104KNXAO"; VariantName = "[No Variations]"
Added Component: Designator=C13(CAPC2013X88X50NL20T25)
Add component. Clean all parameters for all variants
Add component (AddParameter): Name = "Manufacturer"; Value = "Kemet"; VariantName = "[No Variations]"
Add component (AddParameter): Name = "Part Number"; Value = "C0805C473K3RACTU"; VariantName = "[No Variations]"
Added Component: Designator=C14(CAPC1608X87X35NL15T15)
Add component. Clean all parameters for all variants
Add component (AddParameter): Name = "Manufacturer"; Value = "Kemet"; VariantName = "[No Variations]"
Add component (AddParameter): Name = "Part Number"; Value = "C0603C470J1GACTU"; VariantName = "[No Variations]"
Added Component: Designator=C15(CAPC1608X87X35NL15T15)
Add component. Clean all parameters for all variants
Add component (AddParameter): Name = "Manufacturer"; Value = "Kemet"; VariantName = "[No Variations]"
Add component (AddParameter): Name = "Part Number"; Value = "C0603C470J1GACTU"; VariantName = "[No Variations]"
Added Component: Designator=CAN(SMTC-TSW-104-08-X-S)
Add component. Clean all parameters for all variants
Add component (AddParameter): Name = "ComponentLink1Description"; Value = "Manufacturer URL"; VariantName = "[No Variations]"
Add component (AddParameter): Name = "ComponentLink1URL"; Value = "http://www.samtec.com"; VariantName = "[No Variations]"
Add component (AddParameter): Name = "ComponentLink2Description"; Value = "Datasheet"; VariantName = "[No Variations]"
Add component (AddParameter): Name = "ComponentLink2URL"; Value = "http://www.samtec.com/documents/webfiles/pdf/TSW_TH.PDF"; VariantName = "[No Variations]"
Add component (AddParameter): Name = "ComponentLink3Description"; Value = "Package Specification"; VariantName = "[No Variations]"
Add component (AddParameter): Name = "ComponentLink3URL"; Value = "http://www.samtec.com/documents/webfiles/cpdf/TSW-XXX-XX-XXX-X-XX-XXX-MKT.pdf"; VariantName = "[No Variations]"
Add component (AddParameter): Name = "DatasheetVersion"; Value = "F-214"; VariantName = "[No Variations]"
Add component (AddParameter): Name = "Manufacturer"; Value = "Samtec"; VariantName = "[No Variations]"
Add component (AddParameter): Name = "Mounting Technology"; Value = "Through-hole"; VariantName = "[No Variations]"
Add component (AddParameter): Name = "Orientation"; Value = "Vertical"; VariantName = "[No Variations]"
Add component (AddParameter): Name = "PackageDescription"; Value = ".025[0.64] SQ. Post Terminal Strip Assembly"; VariantName = "[No Variations]"
Add component (AddParameter): Name = "PackageReference"; Value = "TSW-104-08-X-S"; VariantName = "[No Variations]"
Add component (AddParameter): Name = "PackageVersion"; Value = "DM, 8/1988"; VariantName = "[No Variations]"
Add component (AddParameter): Name = "PartNumber"; Value = "TSW-104-08-T-S"; VariantName = "[No Variations]"
Add component (AddParameter): Name = "Pitch"; Value = "2.54 mm"; VariantName = "[No Variations]"
Add component (AddParameter): Name = "RoHS"; Value = "True"; VariantName = "[No Variations]"
Add component (AddParameter): Name = "Temperature Range"; Value = "-55 to 105 degC"; VariantName = "[No Variations]"
Added Component: Designator=D1(ONSC-SOT-23-3-318-08_V)
Add component. Clean all parameters for all variants
Add component (AddParameter): Name = "ComponentLink1Description"; Value = "Manufacturer URL"; VariantName = "[No Variations]"
Add component (AddParameter): Name = "ComponentLink1URL"; Value = "http://www.onsemi.com/"; VariantName = "[No Variations]"
Add component (AddParameter): Name = "ComponentLink2Description"; Value = "Datasheet"; VariantName = "[No Variations]"
Add component (AddParameter): Name = "ComponentLink2URL"; Value = "http://www.onsemi.com/pub_link/Collateral/SM12T1-D.PDF"; VariantName = "[No Variations]"
Add component (AddParameter): Name = "ComponentLink3Description"; Value = "Package Specification"; VariantName = "[No Variations]"
Add component (AddParameter): Name = "ComponentLink3URL"; Value = "http://www.onsemi.cn/pub_link/Collateral/318-08.PDF"; VariantName = "[No Variations]"
Add component (AddParameter): Name = "DatasheetVersion"; Value = "Rev. 6"; VariantName = "[No Variations]"
Add component (AddParameter): Name = "Direction"; Value = "Unidirectional"; VariantName = "[No Variations]"
Add component (AddParameter): Name = "IR Max (uA)"; Value = "1"; VariantName = "[No Variations]"
Add component (AddParameter): Name = "Manufacturer"; Value = "On Semiconductor"; VariantName = "[No Variations]"
Add component (AddParameter): Name = "Mounting Technology"; Value = "Surface Mount"; VariantName = "[No Variations]"
Add component (AddParameter): Name = "PackageDescription"; Value = "3-Pin Small Outline Transistor, Body 2.92 x 1.3 mm, Pitch 0.95 mm"; VariantName = "[No Variations]"
Add component (AddParameter): Name = "PackageReference"; Value = "SOT-23-3-318-08"; VariantName = "[No Variations]"
Add component (AddParameter): Name = "PackageVersion"; Value = "Rev. AP, 11/2009"; VariantName = "[No Variations]"
Add component (AddParameter): Name = "Packing"; Value = "Tape and Reel"; VariantName = "[No Variations]"
Add component (AddParameter): Name = "PartNumber"; Value = "SM12T1G"; VariantName = "[No Variations]"
Add component (AddParameter): Name = "PPK Max (W)"; Value = "300"; VariantName = "[No Variations]"
Add component (AddParameter): Name = "RoHS"; Value = "Pb-Free"; VariantName = "[No Variations]"
Added Component: Designator=D2(ONSC-SOT-23-3-318-08_V)
Add component. Clean all parameters for all variants
Add component (AddParameter): Name = "ComponentLink1Description"; Value = "Manufacturer URL"; VariantName = "[No Variations]"
Add component (AddParameter): Name = "ComponentLink1URL"; Value = "http://www.onsemi.com/"; VariantName = "[No Variations]"
Add component (AddParameter): Name = "ComponentLink2Description"; Value = "Datasheet"; VariantName = "[No Variations]"
Add component (AddParameter): Name = "ComponentLink2URL"; Value = "http://www.onsemi.com/pub_link/Collateral/SM12T1-D.PDF"; VariantName = "[No Variations]"
Add component (AddParameter): Name = "ComponentLink3Description"; Value = "Package Specification"; VariantName = "[No Variations]"
Add component (AddParameter): Name = "ComponentLink3URL"; Value = "http://www.onsemi.cn/pub_link/Collateral/318-08.PDF"; VariantName = "[No Variations]"
Add component (AddParameter): Name = "DatasheetVersion"; Value = "Rev. 6"; VariantName = "[No Variations]"
Add component (AddParameter): Name = "Direction"; Value = "Unidirectional"; VariantName = "[No Variations]"
Add component (AddParameter): Name = "IR Max (uA)"; Value = "1"; VariantName = "[No Variations]"
Add component (AddParameter): Name = "Manufacturer"; Value = "On Semiconductor"; VariantName = "[No Variations]"
Add component (AddParameter): Name = "Mounting Technology"; Value = "Surface Mount"; VariantName = "[No Variations]"
Add component (AddParameter): Name = "PackageDescription"; Value = "3-Pin Small Outline Transistor, Body 2.92 x 1.3 mm, Pitch 0.95 mm"; VariantName = "[No Variations]"
Add component (AddParameter): Name = "PackageReference"; Value = "SOT-23-3-318-08"; VariantName = "[No Variations]"
Add component (AddParameter): Name = "PackageVersion"; Value = "Rev. AP, 11/2009"; VariantName = "[No Variations]"
Add component (AddParameter): Name = "Packing"; Value = "Tape and Reel"; VariantName = "[No Variations]"
Add component (AddParameter): Name = "PartNumber"; Value = "SM12T1G"; VariantName = "[No Variations]"
Add component (AddParameter): Name = "PPK Max (W)"; Value = "300"; VariantName = "[No Variations]"
Add component (AddParameter): Name = "RoHS"; Value = "Pb-Free"; VariantName = "[No Variations]"
Added Component: Designator=JMP1(RESC1609X55X30ML10T20)
Add component. Clean all parameters for all variants
Add component (AddParameter): Name = "Manufacturer"; Value = "Vishay Dale"; VariantName = "[No Variations]"
Add component (AddParameter): Name = "Part Number"; Value = "CRCW06030000Z0EA"; VariantName = "[No Variations]"
Added Component: Designator=JMP2(RESC1609X55X30ML10T20)
Add component. Clean all parameters for all variants
Add component (AddParameter): Name = "Manufacturer"; Value = "Vishay Dale"; VariantName = "[No Variations]"
Add component (AddParameter): Name = "Part Number"; Value = "CRCW06030000Z0EA"; VariantName = "[No Variations]"
Added Component: Designator=R1(RESC0603X28X15ML05T05)
Add component. Clean all parameters for all variants
Add component (AddParameter): Name = "Manufacturer"; Value = "Vishay Dale"; VariantName = "[No Variations]"
Add component (AddParameter): Name = "Part Number"; Value = "CRCW020147K0FNED"; VariantName = "[No Variations]"
Added Component: Designator=R2(RESC3216X70X50NL05T20)
Add component. Clean all parameters for all variants
Add component (AddParameter): Name = "Manufacturer"; Value = "Panasonic"; VariantName = "[No Variations]"
Add component (AddParameter): Name = "Part Number"; Value = "ERJ8CWFR024V"; VariantName = "[No Variations]"
Added Component: Designator=R3(RESC3216X70X50NL05T20)
Add component. Clean all parameters for all variants
Add component (AddParameter): Name = "Manufacturer"; Value = "Panasonic"; VariantName = "[No Variations]"
Add component (AddParameter): Name = "Part Number"; Value = "ERJ8CWFR024V"; VariantName = "[No Variations]"
Added Component: Designator=RESET(TECO-4-1437565-1_V)
Add component. Clean all parameters for all variants
Add component (AddParameter): Name = "Actuator Color"; Value = "N/A"; VariantName = "[No Variations]"
Add component (AddParameter): Name = "Actuator Length"; Value = "1.4mm"; VariantName = "[No Variations]"
Add component (AddParameter): Name = "Actuator Style"; Value = "RoundButton"; VariantName = "[No Variations]"
Add component (AddParameter): Name = "Base Material"; Value = "N/A"; VariantName = "[No Variations]"
Add component (AddParameter): Name = "Body Orientation"; Value = "Straight"; VariantName = "[No Variations]"
Add component (AddParameter): Name = "Contact Material"; Value = "CopperAlloy"; VariantName = "[No Variations]"
Add component (AddParameter): Name = "Contact Plating"; Value = "Silver"; VariantName = "[No Variations]"
Add component (AddParameter): Name = "Contact Rating @ Voltage"; Value = "0.05@12VDCA"; VariantName = "[No Variations]"
Add component (AddParameter): Name = "Datasheet URL"; Value = "https://datasheet.ciiva.com/14635/0900766b80912216-14635826.pdf"; VariantName = "[No Variations]"
Add component (AddParameter): Name = "Datasheet Version"; Value = "04/2007"; VariantName = "[No Variations]"
Add component (AddParameter): Name = "Dielectric Strength"; Value = "500VAC"; VariantName = "[No Variations]"
Add component (AddParameter): Name = "Dimension"; Value = "6x10x5.25mm"; VariantName = "[No Variations]"
Add component (AddParameter): Name = "Electrical Life"; Value = "100000Cycle"; VariantName = "[No Variations]"
Add component (AddParameter): Name = "Family"; Value = "FSMJSMA"; VariantName = "[No Variations]"
Add component (AddParameter): Name = "Ground Terminal"; Value = "No"; VariantName = "[No Variations]"
Add component (AddParameter): Name = "Housing Material"; Value = "N/A"; VariantName = "[No Variations]"
Add component (AddParameter): Name = "Illumination Type"; Value = "N/R"; VariantName = "[No Variations]"
Add component (AddParameter): Name = "Manufacturer"; Value = "TEConnectivity/AMPBrand"; VariantName = "[No Variations]"
Add component (AddParameter): Name = "Manufacturer URL"; Value = "http://www.te.com/"; VariantName = "[No Variations]"
Add component (AddParameter): Name = "Maximum AC Voltage Rating"; Value = "N/A"; VariantName = "[No Variations]"
Add component (AddParameter): Name = "Maximum Contact Resistance"; Value = "100mOhm"; VariantName = "[No Variations]"
Add component (AddParameter): Name = "Maximum DC Voltage Rating"; Value = "12V"; VariantName = "[No Variations]"
Add component (AddParameter): Name = "Mechanical Life"; Value = "N/A"; VariantName = "[No Variations]"
Add component (AddParameter): Name = "Minimum Insulation Resistance"; Value = "100MOhm"; VariantName = "[No Variations]"
Add component (AddParameter): Name = "Mounting"; Value = "SurfaceMount,GullWing"; VariantName = "[No Variations]"
Add component (AddParameter): Name = "Mounting Technology"; Value = "SurfaceMount"; VariantName = "[No Variations]"
Add component (AddParameter): Name = "Operating Force"; Value = "1.57N"; VariantName = "[No Variations]"
Add component (AddParameter): Name = "Operating Temperature"; Value = "-20to85C"; VariantName = "[No Variations]"
Add component (AddParameter): Name = "Package Description"; Value = "4-Pin Surface Mount Device, Body 6 x 6 mm, Pitch 9.1 mm"; VariantName = "[No Variations]"
Add component (AddParameter): Name = "Package Reference"; Value = "4-1437565-1"; VariantName = "[No Variations]"
Add component (AddParameter): Name = "Packaging"; Value = "Bulk"; VariantName = "[No Variations]"
Add component (AddParameter): Name = "Part No"; Value = "4-1437565-1"; VariantName = "[No Variations]"
Add component (AddParameter): Name = "Pole Throw Configuration"; Value = "N/A"; VariantName = "[No Variations]"
Add component (AddParameter): Name = "Product Weight"; Value = "N/A"; VariantName = "[No Variations]"
Add component (AddParameter): Name = "RoHS"; Value = "Yes"; VariantName = "[No Variations]"
Add component (AddParameter): Name = "Seal Description"; Value = "N/A"; VariantName = "[No Variations]"
Add component (AddParameter): Name = "Seal Location"; Value = "N/A"; VariantName = "[No Variations]"
Add component (AddParameter): Name = "Switch Configuration"; Value = "N/A"; VariantName = "[No Variations]"
Add component (AddParameter): Name = "Type"; Value = "N/A"; VariantName = "[No Variations]"
Added Component: Designator=X1(ABRA-ABMM2-4_V)
Add component. Clean all parameters for all variants
Add component (AddParameter): Name = "ComponentLink1Description"; Value = "Manufacturer URL"; VariantName = "[No Variations]"
Add component (AddParameter): Name = "ComponentLink1URL"; Value = "http://www.abracon.com/"; VariantName = "[No Variations]"
Add component (AddParameter): Name = "ComponentLink2Description"; Value = "Datasheet"; VariantName = "[No Variations]"
Add component (AddParameter): Name = "ComponentLink2URL"; Value = "http://www.abracon.com/Resonators/ABMM2.pdf"; VariantName = "[No Variations]"
Add component (AddParameter): Name = "ComponentLink3Description"; Value = "Package Specification"; VariantName = "[No Variations]"
Add component (AddParameter): Name = "ComponentLink3URL"; Value = "http://www.abracon.com/Resonators/ABMM2.pdf"; VariantName = "[No Variations]"
Add component (AddParameter): Name = "DatasheetVersion"; Value = "Jan-13"; VariantName = "[No Variations]"
Add component (AddParameter): Name = "ESR"; Value = "72 Ohm Max."; VariantName = "[No Variations]"
Add component (AddParameter): Name = "Frequency"; Value = "8 MHz"; VariantName = "[No Variations]"
Add component (AddParameter): Name = "Load Capacitance CL"; Value = "18 pF Typ."; VariantName = "[No Variations]"
Add component (AddParameter): Name = "Manufacturer"; Value = "Abracon"; VariantName = "[No Variations]"
Add component (AddParameter): Name = "Mounting Technology"; Value = "Surface Mount"; VariantName = "[No Variations]"
Add component (AddParameter): Name = "PackageDescription"; Value = "4-Pin SMD, Body 6 x 3.6 mm, Pitch 4.4 mm"; VariantName = "[No Variations]"
Add component (AddParameter): Name = "Packing"; Value = "1000pcs / Reel"; VariantName = "[No Variations]"
Add component (AddParameter): Name = "PartNumber"; Value = "ABMM2-8.000MHZ-E2-T"; VariantName = "[No Variations]"
Add component (AddParameter): Name = "RoHS"; Value = "TRUE"; VariantName = "[No Variations]"
Add component (AddParameter): Name = "Shunt Capacitance C0"; Value = "7 pF Max."; VariantName = "[No Variations]"
Add component (AddParameter): Name = "Temperature Range"; Value = "-20 to 70 degC"; VariantName = "[No Variations]"
Added Pin To Net: NetName=GND Pin=C1-1
Added Pin To Net: NetName=3V3 Pin=C6-1
Added Pin To Net: NetName=GND Pin=C6-2
Added Pin To Net: NetName=GND Pin=C7-2
Added Pin To Net: NetName=GND Pin=C8-1
Added Pin To Net: NetName=GND Pin=C9-1
Added Pin To Net: NetName=GND Pin=C10-1
Added Pin To Net: NetName=3V3 Pin=C10-2
Added Pin To Net: NetName=GND Pin=C11-2
Added Pin To Net: NetName=GND Pin=C12-1
Added Pin To Net: NetName=GND Pin=C13-2
Added Pin To Net: NetName=GND Pin=C14-1
Added Pin To Net: NetName=GND Pin=C15-1
Added Pin To Net: NetName=GND Pin=CAN-1
Added Pin To Net: NetName=GND Pin=D1-2
Added Pin To Net: NetName=GND Pin=D2-2
Added Pin To Net: NetName=NetCN10_TOP_5 Pin=JMP1-2
Added Pin To Net: NetName=NetCN10_TOP_3 Pin=JMP2-2
Added Pin To Net: NetName=3V3 Pin=R1-2
Added Pin To Net: NetName=GND Pin=RESET-3
Added Pin To Net: NetName=GND Pin=RESET-4
Added Pin To Net: NetName=NetJ1_7 Pin=U1-8
Added Pin To Net: NetName=GND Pin=U2-10
Added Pin To Net: NetName=NetCN7_TOP_1 Pin=U2-14
Added Pin To Net: NetName=NetCN7_TOP_3 Pin=U2-16
Added Pin To Net: NetName=NetCN7_TOP_2 Pin=U2-17
Added Pin To Net: NetName=GND Pin=U3-2
Added Pin To Net: NetName=3V3 Pin=U3-3
Added Pin To Net: NetName=GND Pin=X1-2
Added Pin To Net: NetName=GND Pin=X1-4
Change Net Name : Old Net Name=NetC?_1 New Net Name=NetC2_1
Change Net Name : Old Net Name=NetC?_2 New Net Name=NetC2_2
Added Pin To Net: NetName=+5 Pin=C11-1
Added Pin To Net: NetName=+5 Pin=C12-2
Added Pin To Net: NetName=+5 Pin=CAN-2
Added Pin To Net: NetName=+5 Pin=U3-5
Added Net: Name=+5
Added Pin To Net: NetName=NetC1_2 Pin=C1-2
Added Pin To Net: NetName=NetC1_2 Pin=CN7_TOP-14
Added Pin To Net: NetName=NetC1_2 Pin=R1-1
Added Pin To Net: NetName=NetC1_2 Pin=RESET-1
Added Pin To Net: NetName=NetC1_2 Pin=RESET-2
Added Pin To Net: NetName=NetC1_2 Pin=U2-19
Added Net: Name=NetC1_2
Added Pin To Net: NetName=NetC3_1 Pin=C3-1
Added Pin To Net: NetName=NetC3_1 Pin=U1-5
Added Net: Name=NetC3_1
Added Pin To Net: NetName=NetC3_2 Pin=C3-2
Added Pin To Net: NetName=NetC3_2 Pin=U1-4
Added Net: Name=NetC3_2
Added Pin To Net: NetName=NetC4_2 Pin=C4-2
Added Pin To Net: NetName=NetC4_2 Pin=U1-2
Added Net: Name=NetC4_2
Added Pin To Net: NetName=NetC5_2 Pin=C5-2
Added Pin To Net: NetName=NetC5_2 Pin=J1-8
Added Pin To Net: NetName=NetC5_2 Pin=U1-6
Added Pin To Net: NetName=NetC5_2 Pin=U1-7
Added Net: Name=NetC5_2
Added Pin To Net: NetName=NetC8_2 Pin=C8-2
Added Pin To Net: NetName=NetC8_2 Pin=U2-9
Added Pin To Net: NetName=NetC8_2 Pin=X1-3
Added Net: Name=NetC8_2
Added Pin To Net: NetName=NetC9_2 Pin=C9-2
Added Pin To Net: NetName=NetC9_2 Pin=U2-8
Added Pin To Net: NetName=NetC9_2 Pin=X1-1
Added Net: Name=NetC9_2
Added Pin To Net: NetName=NetC13_1 Pin=C13-1
Added Pin To Net: NetName=NetC13_1 Pin=R2-1
Added Pin To Net: NetName=NetC13_1 Pin=R3-2
Added Net: Name=NetC13_1
Added Pin To Net: NetName=NetC14_2 Pin=C14-2
Added Pin To Net: NetName=NetC14_2 Pin=CAN-4
Added Pin To Net: NetName=NetC14_2 Pin=D1-1
Added Pin To Net: NetName=NetC14_2 Pin=R2-2
Added Pin To Net: NetName=NetC14_2 Pin=U3-7
Added Net: Name=NetC14_2
Added Pin To Net: NetName=NetC15_2 Pin=C15-2
Added Pin To Net: NetName=NetC15_2 Pin=CAN-3
Added Pin To Net: NetName=NetC15_2 Pin=D2-1
Added Pin To Net: NetName=NetC15_2 Pin=R3-1
Added Pin To Net: NetName=NetC15_2 Pin=U3-6
Added Net: Name=NetC15_2
Added Pin To Net: NetName=NetJMP1_1 Pin=JMP1-1
Added Pin To Net: NetName=NetJMP1_1 Pin=U2-1
Added Pin To Net: NetName=NetJMP1_1 Pin=U3-1
Added Net: Name=NetJMP1_1
Added Pin To Net: NetName=NetJMP2_1 Pin=JMP2-1
Added Pin To Net: NetName=NetJMP2_1 Pin=U2-2
Added Pin To Net: NetName=NetJMP2_1 Pin=U3-4
Added Net: Name=NetJMP2_1
Added Pin To Net: NetName=NetU1_9 Pin=U1-9
Added Net: Name=NetU1_9
Added Pin To Net: NetName=NetU1_10 Pin=U1-10
Added Net: Name=NetU1_10
Added Pin To Net: NetName=NetU2_13 Pin=U2-13
Added Net: Name=NetU2_13
Added Pin To Net: NetName=NetU2_18 Pin=U2-18
Added Net: Name=NetU2_18
Added Pin To Net: NetName=VCC Pin=C7-1
Added Pin To Net: NetName=VCC Pin=U2-20
Added Net: Name=VCC
Added Member To Class: ClassName=microcontroller Member=Component C1 100nF
Added Member To Class: ClassName=rs232 Member=Component C2 100nF
Added Member To Class: ClassName=rs232 Member=Component C3 100nF
Added Member To Class: ClassName=rs232 Member=Component C4 100nF
Added Member To Class: ClassName=rs232 Member=Component C6 100nF
Added Member To Class: ClassName=CANbus Member=Component C7 100nF
Added Member To Class: ClassName=CANbus Member=Component C8 18pF
Added Member To Class: ClassName=CANbus Member=Component C9 18pF
Added Member To Class: ClassName=CANbus Member=Component C10 100nF
Added Member To Class: ClassName=CANbus Member=Component C11 100nF
Added Member To Class: ClassName=CANbus Member=Component C12 100nF
Added Member To Class: ClassName=CANbus Member=Component C13 47nF
Added Member To Class: ClassName=CANbus Member=Component C14 47pF
Added Member To Class: ClassName=CANbus Member=Component C15 47pF
Added Member To Class: ClassName=CANbus Member=Component CAN TSW-104-08-T-S
Added Member To Class: ClassName=CANbus Member=Component D1 SM12T1G
Added Member To Class: ClassName=CANbus Member=Component D2 SM12T1G
Added Member To Class: ClassName=CANbus Member=Component JMP1 0R
Added Member To Class: ClassName=CANbus Member=Component JMP2 0R
Added Member To Class: ClassName=microcontroller Member=Component R1 47K
Added Member To Class: ClassName=CANbus Member=Component R2 60R
Added Member To Class: ClassName=CANbus Member=Component R3 60R
Added Member To Class: ClassName=microcontroller Member=Component RESET 4-1437565-1
Added Member To Class: ClassName=CANbus Member=Component U2 MCP2515T-I/ST
Added Member To Class: ClassName=CANbus Member=Component U3 MCP2542WFD-H/SN
Added Member To Class: ClassName=CANbus Member=Component X1 20MHz
Added Room: Name=CANbus
Added Room: Name=microcontroller
Added Room: Name=rs232
