Replace Part AI1 SMD_JMP in V:\Documents\GitHub\Embedded-Controller-ESE2\EmbeddedControlSystem_Hengeveld4331\DC Motor Driver.SchDoc with SMD_JMP from Hengeveld.SCHLIB
Replace Part AI2 SMD_JMP in V:\Documents\GitHub\Embedded-Controller-ESE2\EmbeddedControlSystem_Hengeveld4331\DC Motor Driver.SchDoc with SMD_JMP from Hengeveld.SCHLIB
Replace Part BI1 SMD_JMP in V:\Documents\GitHub\Embedded-Controller-ESE2\EmbeddedControlSystem_Hengeveld4331\DC Motor Driver.SchDoc with SMD_JMP from Hengeveld.SCHLIB
Replace Part BI2 SMD_JMP in V:\Documents\GitHub\Embedded-Controller-ESE2\EmbeddedControlSystem_Hengeveld4331\DC Motor Driver.SchDoc with SMD_JMP from Hengeveld.SCHLIB
Replace Part C42 NIC-CAP-P-2 in V:\Documents\GitHub\Embedded-Controller-ESE2\EmbeddedControlSystem_Hengeveld4331\DC Motor Driver.SchDoc with NIC-CAP-P-2 from Altium Content Vault
Replace Part C43 NIC-CAP-P-2 in V:\Documents\GitHub\Embedded-Controller-ESE2\EmbeddedControlSystem_Hengeveld4331\DC Motor Driver.SchDoc with NIC-CAP-P-2 from Altium Content Vault
Replace Part C44 CAP in V:\Documents\GitHub\Embedded-Controller-ESE2\EmbeddedControlSystem_Hengeveld4331\DC Motor Driver.SchDoc with CAP from Altium Content Vault
Replace Part C45 CAP in V:\Documents\GitHub\Embedded-Controller-ESE2\EmbeddedControlSystem_Hengeveld4331\DC Motor Driver.SchDoc with CAP from Altium Content Vault
Replace Part C46 CAP in V:\Documents\GitHub\Embedded-Controller-ESE2\EmbeddedControlSystem_Hengeveld4331\DC Motor Driver.SchDoc with CAP from Altium Content Vault
Replace Part C47 CAP in V:\Documents\GitHub\Embedded-Controller-ESE2\EmbeddedControlSystem_Hengeveld4331\DC Motor Driver.SchDoc with CAP from Altium Content Vault
Replace Part C48 CAP in V:\Documents\GitHub\Embedded-Controller-ESE2\EmbeddedControlSystem_Hengeveld4331\DC Motor Driver.SchDoc with CAP from Altium Content Vault
Replace Part C49 CAP in V:\Documents\GitHub\Embedded-Controller-ESE2\EmbeddedControlSystem_Hengeveld4331\DC Motor Driver.SchDoc with CAP from Altium Content Vault
Replace Part C50 CAP in V:\Documents\GitHub\Embedded-Controller-ESE2\EmbeddedControlSystem_Hengeveld4331\DC Motor Driver.SchDoc with CAP from Altium Content Vault
Replace Part C51 CAP in V:\Documents\GitHub\Embedded-Controller-ESE2\EmbeddedControlSystem_Hengeveld4331\DC Motor Driver.SchDoc with CAP from Altium Content Vault
Replace Part C52 CAP in V:\Documents\GitHub\Embedded-Controller-ESE2\EmbeddedControlSystem_Hengeveld4331\DC Motor Driver.SchDoc with CAP from Altium Content Vault
Replace Part C53 CAP in V:\Documents\GitHub\Embedded-Controller-ESE2\EmbeddedControlSystem_Hengeveld4331\DC Motor Driver.SchDoc with CAP from Altium Content Vault
Replace Part DCM1 Header 2 in V:\Documents\GitHub\Embedded-Controller-ESE2\EmbeddedControlSystem_Hengeveld4331\DC Motor Driver.SchDoc with Header 2 from Hengeveld.SCHLIB
Replace Part DCM2 Header 2 in V:\Documents\GitHub\Embedded-Controller-ESE2\EmbeddedControlSystem_Hengeveld4331\DC Motor Driver.SchDoc with Header 2 from Hengeveld.SCHLIB
Replace Part MTR1 WE-LED_K1A2-2 in V:\Documents\GitHub\Embedded-Controller-ESE2\EmbeddedControlSystem_Hengeveld4331\DC Motor Driver.SchDoc with WE-LED_K1A2-2 from Altium Content Vault
Replace Part P7 Header 3 in V:\Documents\GitHub\Embedded-Controller-ESE2\EmbeddedControlSystem_Hengeveld4331\DC Motor Driver.SchDoc with Header 3 from Hengeveld.SCHLIB
Replace Part P8 Header 3 in V:\Documents\GitHub\Embedded-Controller-ESE2\EmbeddedControlSystem_Hengeveld4331\DC Motor Driver.SchDoc with Header 3 from Hengeveld.SCHLIB
Replace Part R24 RES in V:\Documents\GitHub\Embedded-Controller-ESE2\EmbeddedControlSystem_Hengeveld4331\DC Motor Driver.SchDoc with RES from Altium Content Vault
Replace Part R25 ROHM-RES-2 in V:\Documents\GitHub\Embedded-Controller-ESE2\EmbeddedControlSystem_Hengeveld4331\DC Motor Driver.SchDoc with ROHM-RES-2 from Altium Content Vault
Replace Part R26 ROHM-RES-2 in V:\Documents\GitHub\Embedded-Controller-ESE2\EmbeddedControlSystem_Hengeveld4331\DC Motor Driver.SchDoc with ROHM-RES-2 from Altium Content Vault
Replace Part R27 RES in V:\Documents\GitHub\Embedded-Controller-ESE2\EmbeddedControlSystem_Hengeveld4331\DC Motor Driver.SchDoc with RES from Altium Content Vault
Replace Part R28 RES in V:\Documents\GitHub\Embedded-Controller-ESE2\EmbeddedControlSystem_Hengeveld4331\DC Motor Driver.SchDoc with RES from Altium Content Vault
Replace Part R29 RES in V:\Documents\GitHub\Embedded-Controller-ESE2\EmbeddedControlSystem_Hengeveld4331\DC Motor Driver.SchDoc with RES from Altium Content Vault
Replace Part R30 RES in V:\Documents\GitHub\Embedded-Controller-ESE2\EmbeddedControlSystem_Hengeveld4331\DC Motor Driver.SchDoc with RES from Altium Content Vault
Replace Part R31 RES in V:\Documents\GitHub\Embedded-Controller-ESE2\EmbeddedControlSystem_Hengeveld4331\DC Motor Driver.SchDoc with RES from Altium Content Vault
Replace Part R32 RES in V:\Documents\GitHub\Embedded-Controller-ESE2\EmbeddedControlSystem_Hengeveld4331\DC Motor Driver.SchDoc with RES from Altium Content Vault
Replace Part R33 RES in V:\Documents\GitHub\Embedded-Controller-ESE2\EmbeddedControlSystem_Hengeveld4331\DC Motor Driver.SchDoc with RES from Altium Content Vault
Replace Part TP_DC_VREF1 Test Point in V:\Documents\GitHub\Embedded-Controller-ESE2\EmbeddedControlSystem_Hengeveld4331\DC Motor Driver.SchDoc with Test Point from Hengeveld.SCHLIB
Replace Part TP_ISENA1 Test Point in V:\Documents\GitHub\Embedded-Controller-ESE2\EmbeddedControlSystem_Hengeveld4331\DC Motor Driver.SchDoc with Test Point from Hengeveld.SCHLIB
Replace Part TP_ISENB1 Test Point in V:\Documents\GitHub\Embedded-Controller-ESE2\EmbeddedControlSystem_Hengeveld4331\DC Motor Driver.SchDoc with Test Point from Hengeveld.SCHLIB
Replace Part U7 DRV8814 in V:\Documents\GitHub\Embedded-Controller-ESE2\EmbeddedControlSystem_Hengeveld4331\DC Motor Driver.SchDoc with DRV8814 from Hengeveld.SCHLIB
Replace Part U8 74LVC2G14 in V:\Documents\GitHub\Embedded-Controller-ESE2\EmbeddedControlSystem_Hengeveld4331\DC Motor Driver.SchDoc with 74LVC2G14 from Hengeveld.SCHLIB
