Replace Part C4 CAP in V:\Documents\GitHub\Embedded-Controller-ESE2\EmbeddedControlSystem_Hengeveld4331\power supply.SchDoc with CAP from Altium Content Vault
Replace Part C5 CAP-NP-2 in V:\Documents\GitHub\Embedded-Controller-ESE2\EmbeddedControlSystem_Hengeveld4331\power supply.SchDoc with CAP-NP-2 from Altium Content Vault
Replace Part C6 CAP in V:\Documents\GitHub\Embedded-Controller-ESE2\EmbeddedControlSystem_Hengeveld4331\power supply.SchDoc with CAP from Altium Content Vault
Replace Part C7 CAP-NP-2 in V:\Documents\GitHub\Embedded-Controller-ESE2\EmbeddedControlSystem_Hengeveld4331\power supply.SchDoc with CAP-NP-2 from Altium Content Vault
Replace Part C8 CAP-NP-2 in V:\Documents\GitHub\Embedded-Controller-ESE2\EmbeddedControlSystem_Hengeveld4331\power supply.SchDoc with CAP-NP-2 from Altium Content Vault
Replace Part C9 CAP-NP-2 in V:\Documents\GitHub\Embedded-Controller-ESE2\EmbeddedControlSystem_Hengeveld4331\power supply.SchDoc with CAP-NP-2 from Altium Content Vault
Replace Part C10 CAP-NP-2 in V:\Documents\GitHub\Embedded-Controller-ESE2\EmbeddedControlSystem_Hengeveld4331\power supply.SchDoc with CAP-NP-2 from Altium Content Vault
Replace Part C11 CAP in V:\Documents\GitHub\Embedded-Controller-ESE2\EmbeddedControlSystem_Hengeveld4331\power supply.SchDoc with CAP from Altium Content Vault
Replace Part C12 CAP in V:\Documents\GitHub\Embedded-Controller-ESE2\EmbeddedControlSystem_Hengeveld4331\power supply.SchDoc with CAP from Altium Content Vault
Replace Part C13 CAP in V:\Documents\GitHub\Embedded-Controller-ESE2\EmbeddedControlSystem_Hengeveld4331\power supply.SchDoc with CAP from Altium Content Vault
Replace Part C14 CAP in V:\Documents\GitHub\Embedded-Controller-ESE2\EmbeddedControlSystem_Hengeveld4331\power supply.SchDoc with CAP from Altium Content Vault
Replace Part C15 CAP in V:\Documents\GitHub\Embedded-Controller-ESE2\EmbeddedControlSystem_Hengeveld4331\power supply.SchDoc with CAP from Altium Content Vault
Replace Part C16 CAP in V:\Documents\GitHub\Embedded-Controller-ESE2\EmbeddedControlSystem_Hengeveld4331\power supply.SchDoc with CAP from Altium Content Vault
Replace Part C17 CAP in V:\Documents\GitHub\Embedded-Controller-ESE2\EmbeddedControlSystem_Hengeveld4331\power supply.SchDoc with CAP from Altium Content Vault
Replace Part C18 CAP-NP-2 in V:\Documents\GitHub\Embedded-Controller-ESE2\EmbeddedControlSystem_Hengeveld4331\power supply.SchDoc with CAP-NP-2 from Altium Content Vault
Replace Part C19 CAP in V:\Documents\GitHub\Embedded-Controller-ESE2\EmbeddedControlSystem_Hengeveld4331\power supply.SchDoc with CAP from Altium Content Vault
Replace Part C20 CAP in V:\Documents\GitHub\Embedded-Controller-ESE2\EmbeddedControlSystem_Hengeveld4331\power supply.SchDoc with CAP from Altium Content Vault
Replace Part D1 SL44HE in V:\Documents\GitHub\Embedded-Controller-ESE2\EmbeddedControlSystem_Hengeveld4331\power supply.SchDoc with SL44HE from Hengeveld.SCHLIB
Replace Part JMP3 SMD_JMP in V:\Documents\GitHub\Embedded-Controller-ESE2\EmbeddedControlSystem_Hengeveld4331\power supply.SchDoc with SMD_JMP from Hengeveld.SCHLIB
Replace Part JMP3V3 Header 2 in V:\Documents\GitHub\Embedded-Controller-ESE2\EmbeddedControlSystem_Hengeveld4331\power supply.SchDoc with Header 2 from Hengeveld.SCHLIB
Replace Part JMP5V Header 2 in V:\Documents\GitHub\Embedded-Controller-ESE2\EmbeddedControlSystem_Hengeveld4331\power supply.SchDoc with Header 2 from Hengeveld.SCHLIB
Replace Part L1 WE-IND-INDUCTOR-2 in V:\Documents\GitHub\Embedded-Controller-ESE2\EmbeddedControlSystem_Hengeveld4331\power supply.SchDoc with WE-IND-INDUCTOR-2 from Altium Content Vault
Replace Part P3 2PIN_SCREW_TERM_3_5MM in V:\Documents\GitHub\Embedded-Controller-ESE2\EmbeddedControlSystem_Hengeveld4331\power supply.SchDoc with 2PIN_SCREW_TERM_3_5MM from Hengeveld.SCHLIB
Replace Part P4 Barrel Jack in V:\Documents\GitHub\Embedded-Controller-ESE2\EmbeddedControlSystem_Hengeveld4331\power supply.SchDoc with Barrel Jack from Hengeveld.SCHLIB
Replace Part PWR1 WE-LED_K1A2-2 in V:\Documents\GitHub\Embedded-Controller-ESE2\EmbeddedControlSystem_Hengeveld4331\power supply.SchDoc with WE-LED_K1A2-2 from Altium Content Vault
Replace Part R6 RES in V:\Documents\GitHub\Embedded-Controller-ESE2\EmbeddedControlSystem_Hengeveld4331\power supply.SchDoc with RES from Altium Content Vault
Replace Part R7 RES in V:\Documents\GitHub\Embedded-Controller-ESE2\EmbeddedControlSystem_Hengeveld4331\power supply.SchDoc with RES from Altium Content Vault
Replace Part R8 ROHM-RES-2 in V:\Documents\GitHub\Embedded-Controller-ESE2\EmbeddedControlSystem_Hengeveld4331\power supply.SchDoc with ROHM-RES-2 from Altium Content Vault
Replace Part R9 RES in V:\Documents\GitHub\Embedded-Controller-ESE2\EmbeddedControlSystem_Hengeveld4331\power supply.SchDoc with RES from Altium Content Vault
Replace Part R10 ROHM-RES-2 in V:\Documents\GitHub\Embedded-Controller-ESE2\EmbeddedControlSystem_Hengeveld4331\power supply.SchDoc with ROHM-RES-2 from Altium Content Vault
Replace Part R11 RES in V:\Documents\GitHub\Embedded-Controller-ESE2\EmbeddedControlSystem_Hengeveld4331\power supply.SchDoc with RES from Altium Content Vault
Replace Part R12 RES in V:\Documents\GitHub\Embedded-Controller-ESE2\EmbeddedControlSystem_Hengeveld4331\power supply.SchDoc with RES from Altium Content Vault
Replace Part TP_VFB1 Test Point in V:\Documents\GitHub\Embedded-Controller-ESE2\EmbeddedControlSystem_Hengeveld4331\power supply.SchDoc with Test Point from Hengeveld.SCHLIB
Replace Part U1 TPS562201 in V:\Documents\GitHub\Embedded-Controller-ESE2\EmbeddedControlSystem_Hengeveld4331\power supply.SchDoc with TPS562201 from Hengeveld.SCHLIB
Replace Part U2 CAT6219 in V:\Documents\GitHub\Embedded-Controller-ESE2\EmbeddedControlSystem_Hengeveld4331\power supply.SchDoc with CAT6219 from Hengeveld.SCHLIB
Replace Part U3 INA219 in V:\Documents\GitHub\Embedded-Controller-ESE2\EmbeddedControlSystem_Hengeveld4331\power supply.SchDoc with INA219 from Hengeveld.SCHLIB
