Replace Part C3 CAP in G:\ESE Conestoga\Semester 4\Project\Embedded-Controller-ESE2\EmbeddedControlSystem_Hengeveld4331\power supply.SchDoc with CAP from Altium Content Vault
Replace Part C4 CAP-NP-2 in G:\ESE Conestoga\Semester 4\Project\Embedded-Controller-ESE2\EmbeddedControlSystem_Hengeveld4331\power supply.SchDoc with CAP-NP-2 from Altium Content Vault
Replace Part C6 CAP-NP-2 in G:\ESE Conestoga\Semester 4\Project\Embedded-Controller-ESE2\EmbeddedControlSystem_Hengeveld4331\power supply.SchDoc with CAP-NP-2 from Altium Content Vault
Replace Part C7 CAP-NP-2 in G:\ESE Conestoga\Semester 4\Project\Embedded-Controller-ESE2\EmbeddedControlSystem_Hengeveld4331\power supply.SchDoc with CAP-NP-2 from Altium Content Vault
Replace Part C8 CAP-NP-2 in G:\ESE Conestoga\Semester 4\Project\Embedded-Controller-ESE2\EmbeddedControlSystem_Hengeveld4331\power supply.SchDoc with CAP-NP-2 from Altium Content Vault
Replace Part C9 CAP-NP-2 in G:\ESE Conestoga\Semester 4\Project\Embedded-Controller-ESE2\EmbeddedControlSystem_Hengeveld4331\power supply.SchDoc with CAP-NP-2 from Altium Content Vault
Replace Part C10 CAP in G:\ESE Conestoga\Semester 4\Project\Embedded-Controller-ESE2\EmbeddedControlSystem_Hengeveld4331\power supply.SchDoc with CAP from Altium Content Vault
Replace Part C12 CAP in G:\ESE Conestoga\Semester 4\Project\Embedded-Controller-ESE2\EmbeddedControlSystem_Hengeveld4331\power supply.SchDoc with CAP from Altium Content Vault
Replace Part C13 CAP in G:\ESE Conestoga\Semester 4\Project\Embedded-Controller-ESE2\EmbeddedControlSystem_Hengeveld4331\power supply.SchDoc with CAP from Altium Content Vault
Replace Part C14 CAP in G:\ESE Conestoga\Semester 4\Project\Embedded-Controller-ESE2\EmbeddedControlSystem_Hengeveld4331\power supply.SchDoc with CAP from Altium Content Vault
Replace Part C15 CAP-NP-2 in G:\ESE Conestoga\Semester 4\Project\Embedded-Controller-ESE2\EmbeddedControlSystem_Hengeveld4331\power supply.SchDoc with CAP-NP-2 from Altium Content Vault
Replace Part C16 CAP in G:\ESE Conestoga\Semester 4\Project\Embedded-Controller-ESE2\EmbeddedControlSystem_Hengeveld4331\power supply.SchDoc with CAP from Altium Content Vault
Replace Part C? CAP in G:\ESE Conestoga\Semester 4\Project\Embedded-Controller-ESE2\EmbeddedControlSystem_Hengeveld4331\power supply.SchDoc with CAP from Altium Content Vault
Replace Part C? CAP in G:\ESE Conestoga\Semester 4\Project\Embedded-Controller-ESE2\EmbeddedControlSystem_Hengeveld4331\power supply.SchDoc with CAP from Altium Content Vault
Replace Part L1 WE-IND-INDUCTOR-2 in G:\ESE Conestoga\Semester 4\Project\Embedded-Controller-ESE2\EmbeddedControlSystem_Hengeveld4331\power supply.SchDoc with WE-IND-INDUCTOR-2 from Altium Content Vault
Replace Part P? 2PIN_SCREW_TERM_3_5MM in G:\ESE Conestoga\Semester 4\Project\Embedded-Controller-ESE2\EmbeddedControlSystem_Hengeveld4331\power supply.SchDoc with 2PIN_SCREW_TERM_3_5MM from Hengeveld.SCHLIB
Replace Part R6 RES-2 in G:\ESE Conestoga\Semester 4\Project\Embedded-Controller-ESE2\EmbeddedControlSystem_Hengeveld4331\power supply.SchDoc with RES-2 from Altium Content Vault
Replace Part R7 RES in G:\ESE Conestoga\Semester 4\Project\Embedded-Controller-ESE2\EmbeddedControlSystem_Hengeveld4331\power supply.SchDoc with RES from Altium Content Vault
Replace Part R8 RES in G:\ESE Conestoga\Semester 4\Project\Embedded-Controller-ESE2\EmbeddedControlSystem_Hengeveld4331\power supply.SchDoc with RES from Altium Content Vault
Replace Part R9 ROHM-RES-2 in G:\ESE Conestoga\Semester 4\Project\Embedded-Controller-ESE2\EmbeddedControlSystem_Hengeveld4331\power supply.SchDoc with ROHM-RES-2 from Altium Content Vault
Replace Part R10 RES in G:\ESE Conestoga\Semester 4\Project\Embedded-Controller-ESE2\EmbeddedControlSystem_Hengeveld4331\power supply.SchDoc with RES from Altium Content Vault
Replace Part R11 ROHM-RES-2 in G:\ESE Conestoga\Semester 4\Project\Embedded-Controller-ESE2\EmbeddedControlSystem_Hengeveld4331\power supply.SchDoc with ROHM-RES-2 from Altium Content Vault
Replace Part U1 TPS562201 in G:\ESE Conestoga\Semester 4\Project\Embedded-Controller-ESE2\EmbeddedControlSystem_Hengeveld4331\power supply.SchDoc with TPS562201 from Hengeveld.SCHLIB
Replace Part U2 ONSC-CAT6219-330TD-GT3-5 in G:\ESE Conestoga\Semester 4\Project\Embedded-Controller-ESE2\EmbeddedControlSystem_Hengeveld4331\power supply.SchDoc with ONSC-CAT6219-330TD-GT3-5 from Altium Content Vault
Replace Part U3 TI-INA219DCN8 in G:\ESE Conestoga\Semester 4\Project\Embedded-Controller-ESE2\EmbeddedControlSystem_Hengeveld4331\power supply.SchDoc with TI-INA219DCN8 from Altium Content Vault
