Change Component Designator: Old Designator=4 New Designator=6
Change Component Designator: Old Designator=5 New Designator=7
Change Component Designator: Old Designator=6 New Designator=8
Change Component Designator: Old Designator=C41 New Designator=C43
Change Component Designator: Old Designator=C42 New Designator=C44
Change Component Designator: Old Designator=C43 New Designator=C45
Change Component Designator: Old Designator=C44 New Designator=C46
Change Component Designator: Old Designator=C45 New Designator=C47
Change Component Designator: Old Designator=C46 New Designator=C48
Change Component Designator: Old Designator=C47 New Designator=C49
Change Component Designator: Old Designator=C48 New Designator=C50
Change Component Designator: Old Designator=C49 New Designator=C51
Change Component Designator: Old Designator=C50 New Designator=C52
Change Component Designator: Old Designator=P5 New Designator=P4
Change Component Designator: Old Designator=P6 New Designator=P5
Change Component Designator: Old Designator=P7 New Designator=P6
Change Component Designator: Old Designator=P8 New Designator=P7
Change Component Designator: Old Designator=R22 New Designator=R28
Change Component Designator: Old Designator=R23 New Designator=R29
Change Component Designator: Old Designator=R24 New Designator=R30
Change Component Designator: Old Designator=R25 New Designator=R31
Change Component Designator: Old Designator=R26 New Designator=R32
Change Component Designator: Old Designator=R27 New Designator=R33
Change Component Designator: Old Designator=R28 New Designator=R34
Change Component Designator: Old Designator=R29 New Designator=R35
Change Component Designator: Old Designator=R30 New Designator=R36
Change Component Designator: Old Designator=R31 New Designator=R37
Change Component Designator: Old Designator=R32 New Designator=R38
Change Component Designator: Old Designator=R33 New Designator=R39
Change Component Designator: Old Designator=R34 New Designator=R40
Change Component Designator: Old Designator=U7 New Designator=U8
Change Component Designator: Old Designator=U8 New Designator=U9
