Replace Part 1 DRV8884 in V:\Documents\GitHub\Embedded-Controller-ESE2\EmbeddedControlSystem_Hengeveld4331\Stepper Motor Driver.SchDoc with DRV8884 from Hengeveld.SCHLIB
Replace Part 2 RES in V:\Documents\GitHub\Embedded-Controller-ESE2\EmbeddedControlSystem_Hengeveld4331\Stepper Motor Driver.SchDoc with RES from Altium Content Vault
Replace Part 3 RES in V:\Documents\GitHub\Embedded-Controller-ESE2\EmbeddedControlSystem_Hengeveld4331\Stepper Motor Driver.SchDoc with RES from Altium Content Vault
Replace Part C54 NIC-CAP-P-2 in V:\Documents\GitHub\Embedded-Controller-ESE2\EmbeddedControlSystem_Hengeveld4331\Stepper Motor Driver.SchDoc with NIC-CAP-P-2 from Altium Content Vault
Replace Part C55 NIC-CAP-P-2 in V:\Documents\GitHub\Embedded-Controller-ESE2\EmbeddedControlSystem_Hengeveld4331\Stepper Motor Driver.SchDoc with NIC-CAP-P-2 from Altium Content Vault
Replace Part C56 CAP in V:\Documents\GitHub\Embedded-Controller-ESE2\EmbeddedControlSystem_Hengeveld4331\Stepper Motor Driver.SchDoc with CAP from Altium Content Vault
Replace Part C57 CAP in V:\Documents\GitHub\Embedded-Controller-ESE2\EmbeddedControlSystem_Hengeveld4331\Stepper Motor Driver.SchDoc with CAP from Altium Content Vault
Replace Part C58 CAP in V:\Documents\GitHub\Embedded-Controller-ESE2\EmbeddedControlSystem_Hengeveld4331\Stepper Motor Driver.SchDoc with CAP from Altium Content Vault
Replace Part C59 CAP in V:\Documents\GitHub\Embedded-Controller-ESE2\EmbeddedControlSystem_Hengeveld4331\Stepper Motor Driver.SchDoc with CAP from Altium Content Vault
Replace Part C60 CAP in V:\Documents\GitHub\Embedded-Controller-ESE2\EmbeddedControlSystem_Hengeveld4331\Stepper Motor Driver.SchDoc with CAP from Altium Content Vault
Replace Part C61 CAP in V:\Documents\GitHub\Embedded-Controller-ESE2\EmbeddedControlSystem_Hengeveld4331\Stepper Motor Driver.SchDoc with CAP from Altium Content Vault
Replace Part C62 NIC-CAP-P-2 in V:\Documents\GitHub\Embedded-Controller-ESE2\EmbeddedControlSystem_Hengeveld4331\Stepper Motor Driver.SchDoc with NIC-CAP-P-2 from Altium Content Vault
Replace Part C63 CAP in V:\Documents\GitHub\Embedded-Controller-ESE2\EmbeddedControlSystem_Hengeveld4331\Stepper Motor Driver.SchDoc with CAP from Altium Content Vault
Replace Part C64 CAP in V:\Documents\GitHub\Embedded-Controller-ESE2\EmbeddedControlSystem_Hengeveld4331\Stepper Motor Driver.SchDoc with CAP from Altium Content Vault
Replace Part C65 CAP in V:\Documents\GitHub\Embedded-Controller-ESE2\EmbeddedControlSystem_Hengeveld4331\Stepper Motor Driver.SchDoc with CAP from Altium Content Vault
Replace Part M1 SMD_JMP in V:\Documents\GitHub\Embedded-Controller-ESE2\EmbeddedControlSystem_Hengeveld4331\Stepper Motor Driver.SchDoc with SMD_JMP from Hengeveld.SCHLIB
Replace Part M2 SMD_JMP in V:\Documents\GitHub\Embedded-Controller-ESE2\EmbeddedControlSystem_Hengeveld4331\Stepper Motor Driver.SchDoc with SMD_JMP from Hengeveld.SCHLIB
Replace Part MTR2 WE-LED_K1A2-2 in V:\Documents\GitHub\Embedded-Controller-ESE2\EmbeddedControlSystem_Hengeveld4331\Stepper Motor Driver.SchDoc with WE-LED_K1A2-2 from Altium Content Vault
Replace Part P9 Header 4 in V:\Documents\GitHub\Embedded-Controller-ESE2\EmbeddedControlSystem_Hengeveld4331\Stepper Motor Driver.SchDoc with Header 4 from Hengeveld.SCHLIB
Replace Part P10 Header 3 in V:\Documents\GitHub\Embedded-Controller-ESE2\EmbeddedControlSystem_Hengeveld4331\Stepper Motor Driver.SchDoc with Header 3 from Hengeveld.SCHLIB
Replace Part P11 Header 2 in V:\Documents\GitHub\Embedded-Controller-ESE2\EmbeddedControlSystem_Hengeveld4331\Stepper Motor Driver.SchDoc with Header 2 from Hengeveld.SCHLIB
Replace Part P12 Header 2 in V:\Documents\GitHub\Embedded-Controller-ESE2\EmbeddedControlSystem_Hengeveld4331\Stepper Motor Driver.SchDoc with Header 2 from Hengeveld.SCHLIB
Replace Part R34 RES in V:\Documents\GitHub\Embedded-Controller-ESE2\EmbeddedControlSystem_Hengeveld4331\Stepper Motor Driver.SchDoc with RES from Altium Content Vault
Replace Part R35 RES in V:\Documents\GitHub\Embedded-Controller-ESE2\EmbeddedControlSystem_Hengeveld4331\Stepper Motor Driver.SchDoc with RES from Altium Content Vault
Replace Part R36 RES in V:\Documents\GitHub\Embedded-Controller-ESE2\EmbeddedControlSystem_Hengeveld4331\Stepper Motor Driver.SchDoc with RES from Altium Content Vault
Replace Part R37 RES in V:\Documents\GitHub\Embedded-Controller-ESE2\EmbeddedControlSystem_Hengeveld4331\Stepper Motor Driver.SchDoc with RES from Altium Content Vault
Replace Part R38 RES in V:\Documents\GitHub\Embedded-Controller-ESE2\EmbeddedControlSystem_Hengeveld4331\Stepper Motor Driver.SchDoc with RES from Altium Content Vault
Replace Part R39 RES in V:\Documents\GitHub\Embedded-Controller-ESE2\EmbeddedControlSystem_Hengeveld4331\Stepper Motor Driver.SchDoc with RES from Altium Content Vault
Replace Part R40 RES in V:\Documents\GitHub\Embedded-Controller-ESE2\EmbeddedControlSystem_Hengeveld4331\Stepper Motor Driver.SchDoc with RES from Altium Content Vault
Replace Part R41 RES in V:\Documents\GitHub\Embedded-Controller-ESE2\EmbeddedControlSystem_Hengeveld4331\Stepper Motor Driver.SchDoc with RES from Altium Content Vault
Replace Part TP_SRV1 Test Point in V:\Documents\GitHub\Embedded-Controller-ESE2\EmbeddedControlSystem_Hengeveld4331\Stepper Motor Driver.SchDoc with Test Point from Hengeveld.SCHLIB
Replace Part U9 74LVC2G14 in V:\Documents\GitHub\Embedded-Controller-ESE2\EmbeddedControlSystem_Hengeveld4331\Stepper Motor Driver.SchDoc with 74LVC2G14 from Hengeveld.SCHLIB
