Remove Pin=P1-1_1 From Net=PC10
Remove Pin=P1-1_2 From Net=PC9
Remove Pin=P1-2_1 From Net=PC11
Remove Pin=P1-2_2 From Net=PC8
Remove Pin=P1-3_1 From Net=PC12
Remove Pin=P1-3_2 From Net=PB8
Remove Pin=P1-4_1 From Net=PD2
Remove Pin=P1-4_2 From Net=PC6
Remove Pin=P1-5_2 From Net=PB9
Remove Pin=P1-6_2 From Net=PC5
Remove Pin=P1-11_2 From Net=PA5
Remove Pin=P1-12_2 From Net=PA12
Remove Pin=P1-13_2 From Net=PA6
Remove Pin=P1-14_1 From Net=RESET
Remove Pin=P1-14_2 From Net=PA11
Remove Pin=P1-15_2 From Net=PA7
Remove Pin=P1-16_2 From Net=PB12
Remove Pin=P1-17_1 From Net=PA15
Remove Pin=P1-17_2 From Net=PB6
Remove Pin=P1-18_2 From Net=PB11
Remove Pin=P1-19_2 From Net=PC7
Remove Pin=P1-21_1 From Net=PB7
Remove Pin=P1-21_2 From Net=PA9
Remove Pin=P1-22_2 From Net=PB2
Remove Pin=P1-23_1 From Net=PC13
Remove Pin=P1-23_2 From Net=PA8
Remove Pin=P1-24_2 From Net=PB1
Remove Pin=P1-25_1 From Net=PC14
Remove Pin=P1-25_2 From Net=PB10
Remove Pin=P1-26_2 From Net=PB15
Remove Pin=P1-27_2 From Net=PB4
Remove Pin=P1-28_1 From Net=PA0
Remove Pin=P1-28_2 From Net=PB14
Remove Pin=P1-29_2 From Net=PB5
Remove Pin=P1-30_1 From Net=PA1
Remove Pin=P1-30_2 From Net=PB13
Remove Pin=P1-31_2 From Net=PB3
Remove Pin=P1-32_1 From Net=PA4
Remove Pin=P1-33_2 From Net=PA10
Remove Pin=P1-34_1 From Net=PB0
Remove Pin=P1-34_2 From Net=PC4
Remove Pin=P1-35_1 From Net=PC2
Remove Pin=P1-35_2 From Net=PA2
Remove Pin=P1-36_1 From Net=PC1
Remove Pin=P1-37_1 From Net=PC3
Remove Pin=P1-37_2 From Net=PA3
Remove Pin=P1-38_1 From Net=PC0
